TN:
SF:src/constants/routes.ts
FNF:0
FNH:0
DA:1,21
DA:2,21
DA:4,21
DA:5,21
DA:6,21
DA:7,21
DA:8,21
DA:9,21
DA:10,21
DA:11,21
DA:12,21
DA:13,21
DA:14,21
DA:15,21
DA:16,21
DA:17,21
DA:19,21
DA:20,21
DA:21,21
DA:22,21
DA:23,21
DA:24,21
DA:25,21
DA:26,21
DA:27,21
DA:28,21
DA:29,21
DA:31,21
DA:32,21
DA:34,21
DA:35,21
DA:36,21
DA:37,21
DA:38,21
DA:39,21
DA:40,21
DA:41,21
LF:37
LH:37
BRF:0
BRH:0
end_of_record
TN:
SF:src/i18n/translate.ts
FN:3,loadTranslations
FN:12,_t
FN:16,isRTL
FNF:3
FNH:3
FNDA:3,loadTranslations
FNDA:2,_t
FNDA:2,isRTL
DA:1,1
DA:4,3
DA:5,3
DA:6,1
DA:7,1
DA:13,2
DA:17,2
LF:7
LH:7
BRDA:5,0,0,2
BRDA:5,0,1,1
BRDA:13,1,0,2
BRDA:13,1,1,1
BRF:4
BRH:4
end_of_record
TN:
SF:src/login/password-toggle.ts
FN:11,setVisible
FN:18,enhanceInput
FN:40,(anonymous_2)
FN:46,initPasswordToggles
FN:59,(anonymous_4)
FNF:5
FNH:4
FNDA:2,setVisible
FNDA:6,enhanceInput
FNDA:2,(anonymous_2)
FNDA:5,initPasswordToggles
FNDA:0,(anonymous_4)
DA:2,1
DA:7,1
DA:12,2
DA:13,2
DA:14,2
DA:15,2
DA:19,6
DA:20,2
DA:22,4
DA:23,4
DA:24,0
DA:27,4
DA:28,4
DA:29,4
DA:30,4
DA:32,4
DA:33,4
DA:34,4
DA:35,4
DA:36,4
DA:37,4
DA:38,4
DA:40,4
DA:41,2
DA:47,5
DA:56,1
DA:58,1
DA:59,0
DA:60,0
DA:63,1
LF:30
LH:27
BRDA:12,0,0,1
BRDA:12,0,1,1
BRDA:13,1,0,1
BRDA:13,1,1,1
BRDA:14,2,0,1
BRDA:14,2,1,1
BRDA:19,3,0,2
BRDA:19,3,1,4
BRDA:23,4,0,0
BRDA:23,4,1,4
BRDA:46,5,0,5
BRDA:58,6,0,0
BRDA:58,6,1,1
BRF:13
BRH:11
end_of_record
TN:
SF:src/model/modifiers.ts
FN:10,evalModifierExpr
FN:25,fieldModifiers
FN:41,isFieldVisible
FN:45,isFieldReadonly
FN:53,fieldDomain
FN:67,evalDomainPlaceholders
FN:68,(anonymous_6)
FN:70,(anonymous_7)
FN:82,createDefaults
FN:90,isButtonVisible
FNF:10
FNH:10
FNDA:298,evalModifierExpr
FNDA:98,fieldModifiers
FNDA:7,isFieldVisible
FNDA:131,isFieldReadonly
FNDA:5,fieldDomain
FNDA:1,evalDomainPlaceholders
FNDA:1,(anonymous_6)
FNDA:3,(anonymous_7)
FNDA:1,createDefaults
FNDA:3,isButtonVisible
DA:11,298
DA:12,6
DA:13,6
DA:15,6
DA:16,6
DA:17,6
DA:18,6
DA:20,1
DA:29,98
DA:30,98
DA:31,98
DA:32,98
DA:34,98
DA:42,7
DA:50,131
DA:54,5
DA:55,5
DA:56,4
DA:57,5
DA:58,1
DA:59,1
DA:60,1
DA:61,1
DA:63,0
DA:68,1
DA:69,1
DA:70,1
DA:71,3
DA:72,3
DA:73,1
DA:74,1
DA:76,2
DA:83,1
DA:84,1
DA:85,2
DA:87,1
DA:91,3
DA:92,3
DA:93,2
LF:39
LH:38
BRDA:11,0,0,292
BRDA:11,0,1,6
BRDA:11,1,0,298
BRDA:11,1,1,6
BRDA:13,2,0,0
BRDA:13,2,1,6
BRDA:35,3,0,98
BRDA:35,3,1,98
BRDA:35,3,2,96
BRDA:35,3,3,95
BRDA:36,4,0,98
BRDA:36,4,1,97
BRDA:36,4,2,95
BRDA:36,4,3,95
BRDA:37,5,0,98
BRDA:37,5,1,98
BRDA:37,5,2,98
BRDA:37,5,3,98
BRDA:50,6,0,131
BRDA:50,6,1,88
BRDA:55,7,0,1
BRDA:55,7,1,4
BRDA:57,8,0,3
BRDA:57,8,1,2
BRDA:60,9,0,0
BRDA:60,9,1,1
BRDA:69,10,0,0
BRDA:69,10,1,1
BRDA:71,11,0,0
BRDA:71,11,1,3
BRDA:72,12,0,1
BRDA:72,12,1,2
BRDA:72,13,0,3
BRDA:72,13,1,1
BRDA:85,14,0,1
BRDA:85,14,1,1
BRDA:92,15,0,1
BRDA:92,15,1,2
BRF:38
BRH:34
end_of_record
TN:
SF:src/model/pending-children.ts
FN:19,byField
FN:28,getPendingChildren
FN:35,setPendingChildren
FN:48,takePendingChildren
FNF:4
FNH:4
FNDA:8,byField
FNDA:4,getPendingChildren
FNDA:8,setPendingChildren
FNDA:3,takePendingChildren
DA:17,12
DA:20,8
DA:21,8
DA:22,6
DA:23,6
DA:25,8
DA:32,4
DA:40,8
DA:41,8
DA:42,4
DA:44,4
DA:49,3
DA:50,3
DA:51,1
DA:52,1
DA:53,2
DA:55,1
DA:56,1
LF:18
LH:18
BRDA:21,0,0,6
BRDA:21,0,1,2
BRDA:41,1,0,4
BRDA:41,1,1,4
BRDA:50,2,0,2
BRDA:50,2,1,1
BRF:6
BRH:6
end_of_record
TN:
SF:src/model/record.ts
FN:24,constructor
FN:30,get
FN:34,set
FN:40,notifyFieldChange
FN:44,isDirty
FN:48,dirtyValues
FN:56,clearDirty
FN:60,values
FN:68,constructor_2
FN:72,fromPayload
FN:81,serverValues
FN:90,save
FN:102,unlink
FN:107,duplicate
FN:116,applyOnchange
FN:136,validate
FNF:16
FNH:16
FNDA:80,constructor
FNDA:113,get
FNDA:15,set
FNDA:5,notifyFieldChange
FNDA:5,isDirty
FNDA:2,dirtyValues
FNDA:4,clearDirty
FNDA:3,values
FNDA:13,constructor_2
FNDA:13,fromPayload
FNDA:4,serverValues
FNDA:4,save
FNDA:2,unlink
FNDA:1,duplicate
FNDA:2,applyOnchange
FNDA:2,validate
DA:15,80
DA:17,80
DA:19,80
DA:25,80
DA:26,80
DA:27,80
DA:31,113
DA:35,15
DA:36,15
DA:41,5
DA:45,5
DA:49,2
DA:50,2
DA:51,2
DA:53,2
DA:57,4
DA:61,3
DA:69,13
DA:73,13
DA:82,4
DA:83,4
DA:84,6
DA:85,5
DA:87,4
DA:91,4
DA:92,2
DA:93,2
DA:94,2
DA:96,2
DA:97,1
DA:98,1
DA:99,1
DA:103,2
DA:104,1
DA:108,1
DA:109,1
DA:110,2
DA:111,1
DA:113,1
DA:117,2
DA:118,2
DA:119,1
DA:120,1
DA:121,1
DA:124,1
DA:125,1
DA:126,1
DA:129,1
DA:131,1
DA:132,0
DA:137,2
DA:138,1
DA:139,1
DA:140,1
LF:54
LH:53
BRDA:84,0,0,1
BRDA:84,0,1,5
BRDA:84,1,0,6
BRDA:84,1,1,5
BRDA:91,2,0,2
BRDA:91,2,1,2
BRDA:96,3,0,1
BRDA:96,3,1,1
BRDA:103,4,0,1
BRDA:103,4,1,1
BRDA:107,5,0,1
BRDA:110,6,0,1
BRDA:110,6,1,1
BRDA:119,7,0,1
BRDA:119,7,1,0
BRDA:124,8,0,1
BRDA:124,8,1,0
BRDA:131,9,0,1
BRDA:131,9,1,0
BRDA:131,10,0,1
BRDA:131,10,1,1
BRDA:139,11,0,1
BRDA:139,11,1,0
BRDA:139,12,0,1
BRDA:139,12,1,0
BRF:25
BRH:20
end_of_record
TN:
SF:src/runtime/component.ts
FN:33,constructor
FN:38,consumeHookSlot
FN:45,callSetup
FN:47,(anonymous_3)
FN:63,onPropsChanged
FN:68,updateProps
FN:75,rerender
FN:80,renderOrPatch
FN:88,render
FN:102,patch
FN:117,destroy
FNF:11
FNH:10
FNDA:171,constructor
FNDA:7,consumeHookSlot
FNDA:158,callSetup
FNDA:158,(anonymous_3)
FNDA:0,onPropsChanged
FNDA:11,updateProps
FNDA:75,rerender
FNDA:46,renderOrPatch
FNDA:173,render
FNDA:63,patch
FNDA:98,destroy
DA:22,171
DA:23,171
DA:25,171
DA:26,171
DA:27,171
DA:28,171
DA:29,171
DA:30,171
DA:31,171
DA:34,171
DA:35,171
DA:39,7
DA:40,7
DA:41,7
DA:46,158
DA:47,158
DA:48,158
DA:69,11
DA:70,11
DA:71,11
DA:76,75
DA:81,46
DA:82,12
DA:83,12
DA:85,34
DA:89,173
DA:90,173
DA:91,173
DA:92,173
DA:93,157
DA:94,157
DA:95,157
DA:96,157
DA:97,157
DA:99,173
DA:103,63
DA:104,60
DA:105,60
DA:106,60
DA:107,60
DA:108,60
DA:109,0
DA:111,60
DA:112,60
DA:113,60
DA:114,60
DA:118,98
DA:119,98
DA:120,98
DA:121,98
DA:122,98
DA:123,98
DA:124,98
LF:53
LH:52
BRDA:76,0,0,21
BRDA:76,0,1,54
BRDA:81,1,0,12
BRDA:81,1,1,34
BRDA:92,2,0,157
BRDA:92,2,1,16
BRDA:103,3,0,3
BRDA:103,3,1,60
BRDA:108,4,0,0
BRDA:108,4,1,60
BRDA:108,5,0,60
BRDA:108,5,1,0
BRF:12
BRH:10
end_of_record
TN:
SF:src/runtime/error.ts
FN:5,constructor
FNF:1
FNH:1
FNDA:8,constructor
DA:6,8
DA:7,8
DA:8,8
DA:9,8
LF:4
LH:4
BRDA:5,0,0,8
BRF:1
BRH:1
end_of_record
TN:
SF:src/runtime/hooks.ts
FN:25,getActiveHost
FN:29,requireActiveHost
FN:36,withActiveHost
FN:46,onMount
FN:50,onWillUnmount
FN:54,useEffect
FN:55,(anonymous_6)
FN:67,useState
FN:76,value
FN:80,(anonymous_9)
FN:90,useService
FN:94,runMountEffects
FN:100,runUnmountEffects
FN:106,cssAttrEscape
FN:111,useTemplateRef
FN:118,(anonymous_15)
FNF:16
FNH:14
FNDA:6,getActiveHost
FNDA:23,requireActiveHost
FNDA:158,withActiveHost
FNDA:11,onMount
FNDA:4,onWillUnmount
FNDA:0,useEffect
FNDA:0,(anonymous_6)
FNDA:1,useState
FNDA:2,value
FNDA:2,(anonymous_9)
FNDA:1,useService
FNDA:157,runMountEffects
FNDA:98,runUnmountEffects
FNDA:8,cssAttrEscape
FNDA:6,useTemplateRef
FNDA:8,(anonymous_15)
DA:23,26
DA:26,6
DA:30,23
DA:31,0
DA:33,23
DA:37,158
DA:38,158
DA:39,158
DA:40,158
DA:42,158
DA:47,11
DA:51,4
DA:55,0
DA:56,0
DA:57,0
DA:58,0
DA:70,1
DA:71,1
DA:72,1
DA:73,1
DA:75,1
DA:77,2
DA:80,1
DA:81,2
DA:82,2
DA:83,2
DA:84,2
DA:85,2
DA:87,1
DA:91,1
DA:95,157
DA:96,11
DA:101,98
DA:102,4
DA:107,8
DA:112,6
DA:113,6
DA:114,6
DA:115,6
DA:117,6
DA:118,6
DA:119,8
DA:121,6
DA:122,6
DA:123,6
LF:45
LH:40
BRDA:30,0,0,0
BRDA:30,0,1,23
BRDA:57,1,0,0
BRDA:57,1,1,0
BRDA:72,2,0,1
BRDA:72,2,1,0
BRDA:82,3,0,0
BRDA:82,3,1,2
BRDA:83,4,0,0
BRDA:83,4,1,2
BRDA:114,5,0,6
BRDA:114,5,1,0
BRDA:119,6,0,8
BRDA:119,6,1,0
BRF:14
BRH:6
end_of_record
TN:
SF:src/runtime/portals.ts
FN:4,portalNodesUnder
FN:11,applyPortals
FN:30,restorePortals
FNF:3
FNH:3
FNDA:230,portalNodesUnder
FNDA:218,applyPortals
FNDA:99,restorePortals
DA:1,26
DA:2,26
DA:5,230
DA:6,230
DA:7,230
DA:12,218
DA:13,218
DA:14,218
DA:15,1
DA:16,1
DA:17,1
DA:18,1
DA:20,1
DA:21,1
DA:22,1
DA:23,1
DA:26,218
DA:31,99
DA:32,94
DA:33,99
DA:34,99
DA:35,1
DA:36,1
DA:37,1
DA:38,0
DA:39,0
DA:41,1
LF:27
LH:25
BRDA:6,0,0,0
BRDA:6,0,1,230
BRDA:12,1,0,0
BRDA:12,1,1,218
BRDA:13,2,0,218
BRDA:13,2,1,158
BRDA:16,3,0,0
BRDA:16,3,1,1
BRDA:17,4,0,1
BRDA:17,4,1,0
BRDA:18,5,0,1
BRDA:18,5,1,0
BRDA:20,6,0,1
BRDA:20,6,1,0
BRDA:21,7,0,1
BRDA:21,7,1,0
BRDA:22,8,0,1
BRDA:22,8,1,0
BRDA:31,9,0,5
BRDA:31,9,1,94
BRDA:32,10,0,94
BRDA:32,10,1,12
BRDA:37,11,0,0
BRDA:37,11,1,1
BRF:24
BRH:15
end_of_record
TN:
SF:src/runtime/scheduler.ts
FN:10,queueFrame
FN:17,cancelFrame
FN:26,scheduleRender
FN:33,flushScheduledRenders
FNF:4
FNH:4
FNDA:8,queueFrame
FNDA:7,cancelFrame
FNDA:23,scheduleRender
FNDA:14,flushScheduledRenders
DA:7,26
DA:8,26
DA:11,8
DA:12,8
DA:14,0
DA:18,7
DA:19,7
DA:20,7
DA:22,0
DA:27,23
DA:28,23
DA:29,8
DA:34,14
DA:35,7
DA:36,7
DA:38,14
DA:39,14
DA:40,14
DA:41,11
LF:19
LH:17
BRDA:11,0,0,8
BRDA:11,0,1,0
BRDA:18,1,0,7
BRDA:18,1,1,0
BRDA:28,2,0,15
BRDA:28,2,1,8
BRDA:34,3,0,7
BRDA:34,3,1,7
BRDA:41,4,0,5
BRDA:41,4,1,6
BRF:10
BRH:8
end_of_record
TN:
SF:src/runtime/patch/keyed.ts
FN:3,collectKeyedChildren
FN:13,patchKeyedChildren
FNF:2
FNH:2
FNDA:2,collectKeyedChildren
FNDA:2,patchKeyedChildren
DA:4,2
DA:5,2
DA:6,4
DA:7,4
DA:8,4
DA:10,2
DA:21,2
DA:22,2
DA:23,2
DA:25,2
DA:26,4
DA:27,4
DA:28,4
DA:29,0
DA:30,0
DA:31,4
DA:32,2
DA:33,2
DA:35,4
DA:38,2
DA:39,4
DA:42,2
DA:43,4
DA:44,4
DA:45,4
DA:46,2
DA:50,2
DA:51,0
LF:28
LH:25
BRDA:6,0,0,0
BRDA:6,0,1,4
BRDA:8,1,0,4
BRDA:8,1,1,0
BRDA:28,2,0,0
BRDA:28,2,1,4
BRDA:31,3,0,2
BRDA:31,3,1,2
BRDA:39,4,0,0
BRDA:39,4,1,4
BRDA:45,5,0,2
BRDA:45,5,1,2
BRDA:46,6,0,2
BRDA:46,6,1,0
BRF:14
BRH:9
end_of_record
TN:
SF:src/services/action.ts
FN:42,constructor
FN:44,setEnv
FN:48,navigate
FN:57,openWindowAction
FN:66,openRecord
FN:83,applyCallResult
FN:111,navigateCurrent
FN:126,parseRedirectOpen
FN:141,openFormDialog
FN:162,(anonymous_9)
FN:168,closeDialog
FNF:11
FNH:11
FNDA:12,constructor
FNDA:2,setEnv
FNDA:2,navigate
FNDA:1,openWindowAction
FNDA:2,openRecord
FNDA:5,applyCallResult
FNDA:1,navigateCurrent
FNDA:3,parseRedirectOpen
FNDA:1,openFormDialog
FNDA:1,(anonymous_9)
FNDA:2,closeDialog
DA:40,12
DA:42,12
DA:45,2
DA:49,2
DA:50,2
DA:51,2
DA:52,2
DA:54,0
DA:58,1
DA:59,1
DA:60,1
DA:61,1
DA:63,1
DA:67,2
DA:75,2
DA:76,2
DA:77,2
DA:79,0
DA:84,5
DA:85,3
DA:86,3
DA:87,1
DA:88,1
DA:89,1
DA:91,2
DA:92,1
DA:93,1
DA:94,0
DA:95,0
DA:97,1
DA:98,1
DA:100,1
DA:101,1
DA:102,1
DA:103,0
DA:105,1
DA:106,1
DA:108,0
DA:112,1
DA:113,1
DA:127,3
DA:128,2
DA:129,2
DA:130,3
DA:131,3
DA:132,2
DA:142,1
DA:143,1
DA:144,0
DA:145,0
DA:147,1
DA:148,1
DA:149,1
DA:150,1
DA:151,1
DA:152,1
DA:153,1
DA:154,1
DA:157,1
DA:158,1
DA:159,1
DA:160,1
DA:161,1
DA:162,1
DA:163,1
DA:164,1
DA:169,2
LF:67
LH:59
BRDA:49,0,0,2
BRDA:49,0,1,0
BRDA:49,1,0,2
BRDA:49,1,1,0
BRDA:49,1,2,2
BRDA:59,2,0,1
BRDA:59,2,1,0
BRDA:60,3,0,1
BRDA:60,3,1,0
BRDA:61,4,0,1
BRDA:61,4,1,0
BRDA:66,5,0,2
BRDA:75,6,0,2
BRDA:75,6,1,0
BRDA:84,7,0,2
BRDA:84,7,1,3
BRDA:84,8,0,5
BRDA:84,8,1,4
BRDA:84,8,2,4
BRDA:86,9,0,1
BRDA:86,9,1,2
BRDA:91,10,0,1
BRDA:91,10,1,1
BRDA:92,11,0,1
BRDA:92,11,1,0
BRDA:93,12,0,0
BRDA:93,12,1,1
BRDA:100,13,0,1
BRDA:100,13,1,0
BRDA:102,14,0,0
BRDA:102,14,1,1
BRDA:115,15,0,1
BRDA:115,15,1,1
BRDA:115,15,2,1
BRDA:116,16,0,1
BRDA:116,16,1,0
BRDA:117,17,0,1
BRDA:117,17,1,0
BRDA:121,18,0,1
BRDA:121,18,1,1
BRDA:127,19,0,1
BRDA:127,19,1,2
BRDA:127,20,0,3
BRDA:127,20,1,1
BRDA:129,21,0,2
BRDA:129,21,1,0
BRDA:130,22,0,3
BRDA:130,22,1,0
BRDA:131,23,0,0
BRDA:131,23,1,3
BRDA:131,24,0,3
BRDA:131,24,1,2
BRDA:134,25,0,2
BRDA:134,25,1,2
BRDA:134,26,0,2
BRDA:134,26,1,2
BRDA:135,27,0,3
BRDA:135,27,1,0
BRDA:137,28,0,3
BRDA:137,28,1,2
BRDA:143,29,0,0
BRDA:143,29,1,1
BRDA:148,30,0,1
BRDA:148,30,1,0
BRDA:149,31,0,0
BRDA:149,31,1,1
BRDA:150,32,0,1
BRDA:150,32,1,0
BRDA:151,33,0,1
BRDA:151,33,1,0
BRDA:153,34,0,1
BRDA:153,34,1,0
BRDA:161,35,0,1
BRDA:161,35,1,0
BRDA:161,35,2,0
BRDA:164,36,0,1
BRDA:164,36,1,0
BRF:77
BRH:52
end_of_record
TN:
SF:src/services/bus.ts
FN:10,subscribe
FN:15,(anonymous_1)
FN:18,emit
FN:25,connect
FN:30,(anonymous_4)
FN:38,(anonymous_5)
FN:46,disconnect
FNF:7
FNH:5
FNDA:14,subscribe
FNDA:11,(anonymous_1)
FNDA:3,emit
FNDA:1,connect
FNDA:0,(anonymous_4)
FNDA:0,(anonymous_5)
FNDA:4,disconnect
DA:7,12
DA:8,12
DA:11,14
DA:12,14
DA:14,14
DA:15,14
DA:19,3
DA:20,2
DA:26,1
DA:27,0
DA:28,0
DA:29,1
DA:30,1
DA:31,0
DA:32,0
DA:33,0
DA:38,1
DA:39,0
DA:47,4
DA:48,4
LF:20
LH:14
BRDA:11,0,0,14
BRDA:11,0,1,0
BRDA:19,1,0,3
BRDA:19,1,1,0
BRDA:25,2,0,1
BRDA:26,3,0,1
BRDA:26,3,1,0
BRDA:28,4,0,0
BRDA:28,4,1,0
BRDA:33,5,0,0
BRDA:33,5,1,0
BRF:11
BRH:4
end_of_record
TN:
SF:src/services/dialog.ts
FN:18,confirm
FN:29,alert
FN:34,(anonymous_2)
FN:37,openHost
FN:39,(anonymous_4)
FN:66,(anonymous_5)
FN:79,open
FN:81,(anonymous_7)
FN:113,(anonymous_8)
FN:128,bindDismiss
FN:129,(anonymous_10)
FN:136,(anonymous_11)
FN:145,(anonymous_12)
FN:151,close
FNF:14
FNH:13
FNDA:2,confirm
FNDA:1,alert
FNDA:1,(anonymous_2)
FNDA:1,openHost
FNDA:1,(anonymous_4)
FNDA:1,(anonymous_5)
FNDA:4,open
FNDA:4,(anonymous_7)
FNDA:3,(anonymous_8)
FNDA:5,bindDismiss
FNDA:4,(anonymous_10)
FNDA:4,(anonymous_11)
FNDA:0,(anonymous_12)
FNDA:17,close
DA:15,7
DA:16,7
DA:19,2
DA:30,1
DA:34,1
DA:38,1
DA:39,1
DA:40,1
DA:41,1
DA:42,1
DA:43,1
DA:45,1
DA:46,1
DA:47,1
DA:48,1
DA:49,1
DA:51,1
DA:52,1
DA:53,1
DA:54,1
DA:56,1
DA:57,1
DA:58,1
DA:60,1
DA:61,1
DA:62,1
DA:63,1
DA:64,1
DA:65,1
DA:66,1
DA:67,1
DA:69,1
DA:71,1
DA:72,1
DA:73,1
DA:74,1
DA:75,1
DA:80,4
DA:81,4
DA:82,4
DA:83,4
DA:84,4
DA:85,4
DA:87,4
DA:88,4
DA:89,4
DA:90,4
DA:91,4
DA:93,4
DA:94,4
DA:95,4
DA:96,4
DA:98,4
DA:99,4
DA:100,4
DA:102,4
DA:103,4
DA:105,4
DA:106,4
DA:107,6
DA:108,6
DA:109,6
DA:110,6
DA:111,6
DA:112,6
DA:113,6
DA:114,3
DA:116,6
DA:119,4
DA:120,4
DA:121,4
DA:122,4
DA:123,4
DA:124,4
DA:129,5
DA:130,4
DA:131,4
DA:134,5
DA:135,5
DA:138,4
DA:139,0
DA:144,5
DA:146,0
DA:152,17
DA:153,17
DA:154,17
DA:155,17
DA:156,17
LF:88
LH:86
BRDA:105,0,0,4
BRDA:105,0,1,1
BRDA:111,1,0,4
BRDA:111,1,1,2
BRDA:112,2,0,0
BRDA:112,2,1,6
BRDA:114,3,0,3
BRDA:114,3,1,0
BRDA:130,4,0,4
BRDA:130,4,1,0
BRDA:138,5,0,0
BRDA:138,5,1,4
BRDA:151,6,0,17
BRF:13
BRH:9
end_of_record
TN:
SF:src/services/http.ts
FN:6,constructor
FN:10,csrf
FN:14,getJSON
FN:25,postForm
FN:35,postJSON
FN:53,delete
FNF:6
FNH:6
FNDA:7,constructor
FNDA:1,csrf
FNDA:2,getJSON
FNDA:1,postForm
FNDA:2,postJSON
FNDA:1,delete
DA:7,7
DA:11,1
DA:15,2
DA:19,2
DA:20,1
DA:22,1
DA:26,1
DA:27,1
DA:36,2
DA:37,2
DA:47,2
DA:48,1
DA:50,1
DA:54,1
DA:62,1
DA:63,1
LF:16
LH:16
BRDA:19,0,0,1
BRDA:19,0,1,1
BRDA:47,1,0,1
BRDA:47,1,1,1
BRDA:62,2,0,1
BRDA:62,2,1,0
BRF:6
BRH:5
end_of_record
TN:
SF:src/services/notification.ts
FN:9,constructor
FN:13,createStack
FN:22,success
FN:26,error
FN:30,warning
FN:34,show
FN:41,bootstrap
FN:47,liveToasts
FN:48,(anonymous_8)
FN:53,capStack
FN:61,buildToast
FN:88,(anonymous_11)
FN:93,armTimer
FN:96,(anonymous_13)
FN:97,(anonymous_14)
FN:101,(anonymous_15)
FN:103,(anonymous_16)
FN:107,dismiss
FN:111,(anonymous_18)
FNF:19
FNH:18
FNDA:8,constructor
FNDA:1,createStack
FNDA:1,success
FNDA:1,error
FNDA:1,warning
FNDA:14,show
FNDA:1,bootstrap
FNDA:14,liveToasts
FNDA:18,(anonymous_8)
FNDA:14,capStack
FNDA:14,buildToast
FNDA:1,(anonymous_11)
FNDA:14,armTimer
FNDA:0,(anonymous_13)
FNDA:1,(anonymous_14)
FNDA:1,(anonymous_15)
FNDA:1,(anonymous_16)
FNDA:3,dismiss
FNDA:1,(anonymous_18)
DA:3,1
DA:4,1
DA:10,8
DA:14,1
DA:15,1
DA:16,1
DA:17,1
DA:18,1
DA:19,1
DA:23,1
DA:27,1
DA:31,1
DA:35,14
DA:36,14
DA:37,14
DA:38,14
DA:42,1
DA:43,1
DA:48,14
DA:49,18
DA:54,14
DA:55,14
DA:56,1
DA:57,1
DA:62,14
DA:63,14
DA:64,14
DA:66,14
DA:67,14
DA:68,14
DA:70,14
DA:71,14
DA:72,14
DA:74,14
DA:76,14
DA:77,1
DA:78,1
DA:79,1
DA:80,1
DA:83,14
DA:84,14
DA:85,14
DA:86,14
DA:87,14
DA:88,14
DA:89,14
DA:90,14
DA:94,14
DA:95,14
DA:96,14
DA:97,14
DA:98,1
DA:99,1
DA:101,14
DA:102,1
DA:103,1
DA:108,3
DA:109,3
DA:110,3
DA:111,3
DA:112,1
DA:113,1
DA:114,1
DA:116,3
DA:117,3
LF:65
LH:65
BRDA:10,0,0,8
BRDA:10,0,1,1
BRDA:10,0,2,1
BRDA:34,1,0,14
BRDA:42,2,0,1
BRDA:42,2,1,0
BRDA:49,3,0,18
BRDA:49,3,1,18
BRDA:57,4,0,1
BRDA:57,4,1,0
BRDA:63,5,0,14
BRDA:63,5,1,0
BRDA:76,6,0,1
BRDA:76,6,1,13
BRDA:108,7,0,0
BRDA:108,7,1,3
BRDA:108,8,0,3
BRDA:108,8,1,3
BRDA:112,9,0,0
BRDA:112,9,1,1
BRF:20
BRH:15
end_of_record
TN:
SF:src/services/router.ts
FN:37,searchParams
FN:55,buildUrl
FN:59,parse
FN:78,workspaceUrl
FN:82,push
FN:89,assign
FNF:6
FNH:6
FNDA:16,searchParams
FNDA:16,buildUrl
FNDA:16,parse
FNDA:1,workspaceUrl
FNDA:1,push
FNDA:1,assign
DA:38,82
DA:39,82
DA:40,82
DA:41,82
DA:42,82
DA:43,82
DA:44,82
DA:45,82
DA:46,82
DA:47,82
DA:48,82
DA:49,82
DA:50,82
DA:51,82
DA:52,82
DA:56,75
DA:60,16
DA:61,16
DA:79,1
DA:83,1
DA:84,1
DA:85,1
DA:90,1
DA:91,1
DA:92,1
LF:25
LH:25
BRDA:39,0,0,80
BRDA:39,0,1,2
BRDA:40,1,0,80
BRDA:40,1,1,2
BRDA:41,2,0,81
BRDA:41,2,1,1
BRDA:42,3,0,2
BRDA:42,3,1,80
BRDA:43,4,0,0
BRDA:43,4,1,82
BRDA:44,5,0,0
BRDA:44,5,1,82
BRDA:45,6,0,1
BRDA:45,6,1,81
BRDA:46,7,0,0
BRDA:46,7,1,82
BRDA:47,8,0,0
BRDA:47,8,1,82
BRDA:48,9,0,0
BRDA:48,9,1,82
BRDA:49,10,0,0
BRDA:49,10,1,82
BRDA:50,11,0,0
BRDA:50,11,1,82
BRDA:51,12,0,1
BRDA:51,12,1,81
BRDA:59,13,0,16
BRDA:62,14,0,16
BRDA:62,14,1,0
BRDA:63,15,0,16
BRDA:63,15,1,0
BRDA:64,16,0,16
BRDA:64,16,1,0
BRDA:65,17,0,16
BRDA:65,17,1,16
BRDA:67,18,0,16
BRDA:67,18,1,16
BRDA:68,19,0,16
BRDA:68,19,1,16
BRDA:69,20,0,16
BRDA:69,20,1,16
BRDA:70,21,0,16
BRDA:70,21,1,16
BRDA:71,22,0,16
BRDA:71,22,1,16
BRDA:72,23,0,16
BRDA:72,23,1,16
BRDA:73,24,0,16
BRDA:73,24,1,16
BRDA:74,25,0,16
BRDA:74,25,1,16
BRF:51
BRH:41
end_of_record
TN:
SF:src/services/rpc.ts
FN:14,constructor
FN:19,searchReadKey
FN:29,invalidateSearchReadCache
FN:33,dispatch
FN:57,searchRead
FN:65,(anonymous_5)
FN:72,read
FN:76,write
FN:81,create
FN:86,unlink
FN:91,callMethod
FN:101,readGroup
FN:111,(anonymous_12)
FN:116,onchange
FNF:14
FNH:13
FNDA:9,constructor
FNDA:6,searchReadKey
FNDA:4,invalidateSearchReadCache
FNDA:14,dispatch
FNDA:6,searchRead
FNDA:0,(anonymous_5)
FNDA:2,read
FNDA:2,write
FNDA:1,create
FNDA:1,unlink
FNDA:2,callMethod
FNDA:1,readGroup
FNDA:1,(anonymous_12)
FNDA:1,onchange
DA:12,9
DA:15,9
DA:16,9
DA:25,6
DA:30,4
DA:34,14
DA:35,14
DA:36,5
DA:38,14
DA:47,14
DA:48,1
DA:50,13
DA:51,13
DA:52,1
DA:54,12
DA:58,6
DA:59,6
DA:60,6
DA:61,4
DA:64,4
DA:65,4
DA:66,0
DA:69,6
DA:73,2
DA:77,2
DA:78,2
DA:82,1
DA:83,1
DA:87,1
DA:88,1
DA:97,2
DA:98,2
DA:108,1
DA:111,1
DA:113,1
DA:121,1
LF:36
LH:35
BRDA:33,0,0,14
BRDA:33,1,0,14
BRDA:35,2,0,5
BRDA:35,2,1,9
BRDA:47,3,0,1
BRDA:47,3,1,13
BRDA:51,4,0,1
BRDA:51,4,1,12
BRDA:51,5,0,13
BRDA:51,5,1,12
BRDA:52,6,0,1
BRDA:52,6,1,0
BRDA:57,7,0,6
BRDA:57,8,0,6
BRDA:57,9,0,6
BRDA:60,10,0,4
BRDA:60,10,1,2
BRDA:72,11,0,2
BRDA:97,12,0,2
BRDA:97,12,1,0
BRDA:106,13,0,1
BRDA:111,14,0,0
BRDA:111,14,1,1
BRF:23
BRH:20
end_of_record
TN:
SF:src/services/service-registry.ts
FN:5,registerCoreServices
FNF:1
FNH:1
FNDA:1,registerCoreServices
DA:6,1
DA:7,1
DA:8,7
LF:3
LH:3
BRF:0
BRH:0
end_of_record
TN:
SF:src/template/helpers.ts
FN:3,keyedResult
FN:6,render
FN:11,patch
FN:20,forEach
FN:25,(anonymous_4)
FN:29,when
FNF:6
FNH:6
FNDA:31,keyedResult
FNDA:29,render
FNDA:2,patch
FNDA:26,forEach
FNDA:31,(anonymous_4)
FNDA:1,when
DA:4,31
DA:7,29
DA:8,29
DA:9,29
DA:12,2
DA:13,2
DA:14,2
DA:25,31
DA:34,1
DA:35,1
DA:36,1
DA:38,0
LF:12
LH:11
BRDA:34,0,0,0
BRDA:34,0,1,1
BRDA:36,1,0,1
BRDA:36,1,1,0
BRF:4
BRH:2
end_of_record
TN:
SF:src/template/html.ts
FN:69,isVNode
FN:96,isTemplateResult
FN:106,flattenValues
FN:128,awaitingAttrName
FN:133,stripAwaitingAttr
FN:139,isAttrWhitespace
FN:143,parseTagAttributes
FN:186,buildTree
FN:192,(anonymous_8)
FN:194,(anonymous_9)
FN:198,(anonymous_10)
FN:216,(anonymous_11)
FN:229,(anonymous_12)
FN:238,(anonymous_13)
FN:280,(anonymous_14)
FN:329,html
FN:333,render
FN:336,patch
FN:342,applyStyle
FN:353,applyAttrs
FN:406,syncHandlers
FN:417,renderChild
FN:424,materialize
FN:436,childKey
FN:443,patchRoot
FN:467,patchVNode
FN:473,patchChildren
FN:474,(anonymous_27)
FN:476,(anonymous_28)
FN:479,(anonymous_29)
FN:481,(anonymous_30)
FN:485,(anonymous_31)
FN:512,wrapNode
FN:520,patchChildElement
FN:531,patchOrCreate
FN:546,renderVNode
FN:556,fragment
FNF:37
FNH:34
FNDA:827,isVNode
FNDA:13346,isTemplateResult
FNDA:3921,flattenValues
FNDA:3582,awaitingAttrName
FNDA:91,stripAwaitingAttr
FNDA:98858,isAttrWhitespace
FNDA:3707,parseTagAttributes
FNDA:1718,buildTree
FNDA:14922,(anonymous_8)
FNDA:14922,(anonymous_9)
FNDA:3707,(anonymous_10)
FNDA:3509,(anonymous_11)
FNDA:1549,(anonymous_12)
FNDA:8470,(anonymous_13)
FNDA:6884,(anonymous_14)
FNDA:1718,html
FNDA:1325,render
FNDA:356,patch
FNDA:23,applyStyle
FNDA:3684,applyAttrs
FNDA:3684,syncHandlers
FNDA:11288,renderChild
FNDA:1326,materialize
FNDA:3150,childKey
FNDA:356,patchRoot
FNDA:826,patchVNode
FNDA:954,patchChildren
FNDA:3431,(anonymous_27)
FNDA:909,(anonymous_28)
FNDA:2,(anonymous_29)
FNDA:0,(anonymous_30)
FNDA:2,(anonymous_31)
FNDA:0,wrapNode
FNDA:1004,patchChildElement
FNDA:3148,patchOrCreate
FNDA:2858,renderVNode
FNDA:0,fragment
DA:34,38
DA:67,38
DA:70,827
DA:79,38
DA:97,13346
DA:107,3921
DA:108,3921
DA:109,3998
DA:110,3979
DA:111,1387
DA:112,1387
DA:114,2592
DA:115,428
DA:116,428
DA:118,2164
DA:119,528
DA:120,528
DA:122,1636
DA:123,1636
DA:125,3921
DA:129,3582
DA:130,3582
DA:134,91
DA:135,91
DA:136,91
DA:140,98858
DA:144,3707
DA:145,3707
DA:146,3707
DA:147,3707
DA:148,3707
DA:149,3707
DA:150,3707
DA:151,31019
DA:152,7068
DA:154,7068
DA:155,42567
DA:156,7068
DA:157,7068
DA:159,7068
DA:160,33
DA:161,33
DA:163,7035
DA:165,7035
DA:166,835
DA:167,835
DA:170,6200
DA:171,4552
DA:172,4552
DA:173,91556
DA:174,4552
DA:175,4552
DA:176,4552
DA:179,1648
DA:180,16939
DA:181,1648
DA:183,3707
DA:187,1718
DA:188,1718
DA:189,1718
DA:190,1718
DA:192,14922
DA:194,1718
DA:195,14922
DA:198,1718
DA:199,3707
DA:200,3707
DA:201,3707
DA:202,3707
DA:203,3707
DA:210,3707
DA:211,3707
DA:212,3509
DA:216,1718
DA:217,3509
DA:218,3509
DA:219,3509
DA:220,3509
DA:221,3509
DA:222,3509
DA:223,3509
DA:225,0
DA:229,1718
DA:230,1549
DA:231,1549
DA:232,1549
DA:233,1549
DA:234,1549
DA:235,1549
DA:238,1718
DA:239,8470
DA:240,8470
DA:241,13532
DA:242,3490
DA:243,3490
DA:244,1941
DA:245,1941
DA:247,1549
DA:248,1549
DA:249,1549
DA:252,10042
DA:253,10042
DA:254,2826
DA:255,2826
DA:256,2826
DA:259,7216
DA:260,4938
DA:263,7216
DA:264,7216
DA:265,1549
DA:266,1549
DA:269,5667
DA:270,5667
DA:272,5667
DA:273,3509
DA:275,2158
DA:280,1718
DA:281,6884
DA:282,3491
DA:283,3491
DA:284,91
DA:285,91
DA:287,3400
DA:288,996
DA:289,996
DA:291,2404
DA:293,14
DA:295,2390
DA:297,2390
DA:307,3491
DA:308,810
DA:310,1580
DA:312,2390
DA:314,3393
DA:315,3451
DA:319,1718
DA:320,8602
DA:321,8602
DA:324,1718
DA:326,1718
DA:330,1718
DA:332,1718
DA:334,1325
DA:337,356
DA:343,23
DA:344,23
DA:345,29
DA:346,29
DA:347,29
DA:348,29
DA:349,29
DA:354,3684
DA:355,3684
DA:356,3684
DA:357,3684
DA:358,6957
DA:359,5982
DA:360,4
DA:361,4
DA:363,5978
DA:364,3307
DA:365,3914
DA:367,3307
DA:369,2671
DA:370,23
DA:371,23
DA:372,23
DA:374,2648
DA:375,2
DA:376,2
DA:377,2
DA:379,2646
DA:380,177
DA:381,177
DA:382,177
DA:383,156
DA:385,177
DA:387,2469
DA:388,2225
DA:389,2225
DA:392,3684
DA:393,3306
DA:394,3306
DA:395,378
DA:396,1
DA:398,3684
DA:399,5737
DA:400,2406
DA:401,2
DA:407,3684
DA:408,3684
DA:409,216
DA:411,3684
DA:412,975
DA:414,3684
DA:418,11288
DA:419,4268
DA:420,3952
DA:421,2858
DA:425,1326
DA:426,1326
DA:427,1326
DA:428,1995
DA:430,1326
DA:431,966
DA:433,360
DA:437,3150
DA:438,1066
DA:439,952
DA:440,633
DA:444,356
DA:445,228
DA:446,228
DA:447,0
DA:449,228
DA:450,0
DA:451,0
DA:453,228
DA:454,228
DA:455,227
DA:456,227
DA:460,129
DA:461,128
DA:462,128
DA:464,1
DA:468,826
DA:469,826
DA:470,826
DA:474,3431
DA:475,954
DA:476,954
DA:477,1
DA:479,2
DA:482,0
DA:483,0
DA:485,2
DA:488,1
DA:491,953
DA:492,953
DA:493,953
DA:494,3148
DA:495,3148
DA:496,3148
DA:497,2920
DA:498,2920
DA:500,228
DA:501,222
DA:503,6
DA:505,228
DA:507,953
DA:508,186
DA:513,0
DA:514,0
DA:515,0
DA:516,0
DA:517,0
DA:521,1004
DA:522,711
DA:523,599
DA:524,599
DA:525,599
DA:527,0
DA:528,0
DA:532,3148
DA:533,3142
DA:534,2078
DA:535,2029
DA:536,2029
DA:538,49
DA:540,1064
DA:541,1002
DA:543,62
DA:547,2858
DA:548,2858
DA:549,2858
DA:550,2858
DA:551,9225
DA:553,2858
DA:557,0
LF:279
LH:265
BRDA:71,0,0,827
BRDA:71,0,1,827
BRDA:71,0,2,827
BRDA:71,0,3,827
BRDA:71,0,4,827
BRDA:98,1,0,13346
BRDA:98,1,1,9320
BRDA:98,1,2,9320
BRDA:98,1,3,3107
BRDA:98,1,4,3107
BRDA:109,2,0,19
BRDA:109,2,1,3979
BRDA:109,3,0,3998
BRDA:109,3,1,3979
BRDA:110,4,0,1387
BRDA:110,4,1,2592
BRDA:114,5,0,428
BRDA:114,5,1,2164
BRDA:118,6,0,528
BRDA:118,6,1,1636
BRDA:122,7,0,0
BRDA:122,7,1,1636
BRDA:130,8,0,3475
BRDA:130,8,1,107
BRDA:135,9,0,0
BRDA:135,9,1,91
BRDA:140,10,0,98858
BRDA:140,10,1,70511
BRDA:140,10,2,66574
BRDA:140,10,3,66574
BRDA:146,11,0,3707
BRDA:146,11,1,0
BRDA:151,12,0,7068
BRDA:151,12,1,38087
BRDA:152,13,0,0
BRDA:152,13,1,7068
BRDA:155,14,0,7068
BRDA:155,14,1,49628
BRDA:155,14,2,42593
BRDA:157,15,0,0
BRDA:157,15,1,7068
BRDA:159,16,0,33
BRDA:159,16,1,7035
BRDA:159,17,0,7068
BRDA:159,17,1,7061
BRDA:165,18,0,835
BRDA:165,18,1,6200
BRDA:170,19,0,4552
BRDA:170,19,1,1648
BRDA:170,20,0,6200
BRDA:170,20,1,1648
BRDA:173,21,0,4552
BRDA:173,21,1,96108
BRDA:174,22,0,4552
BRDA:174,22,1,0
BRDA:180,23,0,1648
BRDA:180,23,1,18178
BRDA:192,24,0,12267
BRDA:192,24,1,2655
BRDA:198,25,0,3707
BRDA:201,26,0,198
BRDA:201,26,1,3509
BRDA:211,27,0,3509
BRDA:211,27,1,198
BRDA:211,28,0,3707
BRDA:211,28,1,3509
BRDA:217,29,0,3509
BRDA:217,29,1,0
BRDA:218,30,0,0
BRDA:218,30,1,3509
BRDA:221,31,0,3509
BRDA:221,31,1,0
BRDA:230,32,0,0
BRDA:230,32,1,1549
BRDA:232,33,0,1549
BRDA:232,33,1,0
BRDA:241,34,0,3490
BRDA:241,34,1,10042
BRDA:243,35,0,1941
BRDA:243,35,1,1549
BRDA:253,36,0,2826
BRDA:253,36,1,7216
BRDA:255,37,0,2826
BRDA:255,37,1,0
BRDA:259,38,0,4938
BRDA:259,38,1,2278
BRDA:264,39,0,1549
BRDA:264,39,1,5667
BRDA:272,40,0,3509
BRDA:272,40,1,2158
BRDA:281,41,0,3491
BRDA:281,41,1,3393
BRDA:283,42,0,91
BRDA:283,42,1,3400
BRDA:283,43,0,3491
BRDA:283,43,1,3411
BRDA:284,44,0,91
BRDA:284,44,1,0
BRDA:287,45,0,996
BRDA:287,45,1,2404
BRDA:288,46,0,996
BRDA:288,46,1,0
BRDA:288,47,0,996
BRDA:288,47,1,0
BRDA:291,48,0,14
BRDA:291,48,1,2390
BRDA:297,49,0,2390
BRDA:297,49,1,2297
BRDA:297,49,2,2297
BRDA:297,49,3,2184
BRDA:297,49,4,1516
BRDA:297,49,5,1516
BRDA:297,49,6,1516
BRDA:297,49,7,1494
BRDA:297,49,8,1487
BRDA:297,49,9,1487
BRDA:307,50,0,810
BRDA:307,50,1,1580
BRDA:320,51,0,8470
BRDA:320,51,1,132
BRDA:321,52,0,6884
BRDA:321,52,1,1718
BRDA:324,53,0,0
BRDA:324,53,1,1718
BRDA:346,54,0,0
BRDA:346,54,1,29
BRDA:349,55,0,29
BRDA:349,55,1,0
BRDA:354,56,0,0
BRDA:354,56,1,3684
BRDA:358,57,0,975
BRDA:358,57,1,5982
BRDA:358,58,0,6957
BRDA:358,58,1,5982
BRDA:359,59,0,4
BRDA:359,59,1,5978
BRDA:363,60,0,3307
BRDA:363,60,1,2671
BRDA:365,61,0,3913
BRDA:365,61,1,1
BRDA:369,62,0,23
BRDA:369,62,1,2648
BRDA:374,63,0,2
BRDA:374,63,1,2646
BRDA:379,64,0,177
BRDA:379,64,1,2469
BRDA:382,65,0,156
BRDA:382,65,1,21
BRDA:382,66,0,177
BRDA:382,66,1,26
BRDA:383,67,0,3
BRDA:383,67,1,153
BRDA:387,68,0,2225
BRDA:387,68,1,244
BRDA:387,69,0,2469
BRDA:387,69,1,2332
BRDA:392,70,0,3306
BRDA:392,70,1,378
BRDA:395,71,0,1
BRDA:395,71,1,377
BRDA:399,72,0,3331
BRDA:399,72,1,2406
BRDA:399,73,0,5737
BRDA:399,73,1,2431
BRDA:399,73,2,2408
BRDA:400,74,0,2
BRDA:400,74,1,2404
BRDA:400,75,0,2406
BRDA:400,75,1,2
BRDA:400,75,2,0
BRDA:407,76,0,3684
BRDA:407,76,1,2858
BRDA:409,77,0,213
BRDA:409,77,1,3
BRDA:412,78,0,972
BRDA:412,78,1,3
BRDA:418,79,0,7020
BRDA:418,79,1,4268
BRDA:419,80,0,316
BRDA:419,80,1,3952
BRDA:420,81,0,1094
BRDA:420,81,1,2858
BRDA:430,82,0,966
BRDA:430,82,1,360
BRDA:430,83,0,1326
BRDA:430,83,1,966
BRDA:437,84,0,2084
BRDA:437,84,1,1066
BRDA:438,85,0,114
BRDA:438,85,1,952
BRDA:439,86,0,319
BRDA:439,86,1,633
BRDA:444,87,0,228
BRDA:444,87,1,128
BRDA:446,88,0,0
BRDA:446,88,1,228
BRDA:446,89,0,228
BRDA:446,89,1,0
BRDA:449,90,0,0
BRDA:449,90,1,228
BRDA:450,91,0,0
BRDA:450,91,1,0
BRDA:453,92,0,228
BRDA:453,92,1,0
BRDA:453,93,0,228
BRDA:453,93,1,228
BRDA:454,94,0,227
BRDA:454,94,1,1
BRDA:460,95,0,128
BRDA:460,95,1,1
BRDA:474,96,0,3431
BRDA:474,96,1,3150
BRDA:476,97,0,1
BRDA:476,97,1,953
BRDA:476,98,0,954
BRDA:476,98,1,908
BRDA:483,99,0,0
BRDA:483,99,1,0
BRDA:496,100,0,2920
BRDA:496,100,1,228
BRDA:496,101,0,3148
BRDA:496,101,1,3142
BRDA:500,102,0,222
BRDA:500,102,1,6
BRDA:513,103,0,0
BRDA:513,103,1,0
BRDA:521,104,0,293
BRDA:521,104,1,711
BRDA:522,105,0,112
BRDA:522,105,1,599
BRDA:523,106,0,599
BRDA:523,106,1,0
BRDA:523,107,0,599
BRDA:523,107,1,599
BRDA:528,108,0,0
BRDA:528,108,1,0
BRDA:532,109,0,6
BRDA:532,109,1,3142
BRDA:533,110,0,2078
BRDA:533,110,1,1064
BRDA:534,111,0,2029
BRDA:534,111,1,49
BRDA:535,112,0,176
BRDA:535,112,1,1853
BRDA:540,113,0,1002
BRDA:540,113,1,62
BRF:246
BRH:213
end_of_record
TN:
SF:src/template/index.ts
FNF:0
FNH:0
LF:0
LH:0
BRF:0
BRH:0
end_of_record
TN:
SF:src/template/sum/codegen.ts
FN:5,esc
FN:9,attrToHtml
FN:11,(anonymous_2)
FN:12,(anonymous_3)
FN:16,elementBlock
FN:26,codegenChildren
FN:49,(anonymous_6)
FN:64,codegenNode
FN:127,codegen
FN:146,compileSumXml
FNF:10
FNH:10
FNDA:7,esc
FNDA:12,attrToHtml
FNDA:3,(anonymous_2)
FNDA:1,(anonymous_3)
FNDA:8,elementBlock
FNDA:14,codegenChildren
FNDA:4,(anonymous_6)
FNDA:14,codegenNode
FNDA:2,codegen
FNDA:2,compileSumXml
DA:6,7
DA:10,12
DA:11,3
DA:12,1
DA:17,8
DA:18,8
DA:19,8
DA:20,8
DA:21,8
DA:22,8
DA:23,8
DA:27,14
DA:28,14
DA:29,14
DA:30,16
DA:31,16
DA:32,4
DA:33,4
DA:34,4
DA:35,4
DA:36,4
DA:37,4
DA:38,2
DA:39,2
DA:40,2
DA:42,2
DA:43,2
DA:44,2
DA:46,2
DA:48,4
DA:49,4
DA:50,4
DA:51,4
DA:53,4
DA:56,4
DA:58,12
DA:59,12
DA:61,14
DA:65,14
DA:66,8
DA:68,6
DA:69,6
DA:70,6
DA:71,6
DA:72,6
DA:73,14
DA:74,14
DA:75,14
DA:76,14
DA:77,14
DA:79,14
DA:80,1
DA:81,1
DA:82,1
DA:83,1
DA:84,1
DA:85,1
DA:88,5
DA:89,0
DA:92,5
DA:93,0
DA:96,5
DA:97,5
DA:99,3
DA:100,3
DA:101,3
DA:102,3
DA:103,3
DA:104,3
DA:105,3
DA:107,3
DA:108,3
DA:109,2
DA:111,3
DA:112,3
DA:113,3
DA:115,3
DA:116,3
DA:118,3
DA:119,1
DA:128,2
DA:129,2
DA:130,2
DA:140,2
DA:147,2
LF:85
LH:83
BRDA:12,0,0,1
BRDA:12,0,1,0
BRDA:31,1,0,4
BRDA:31,1,1,12
BRDA:31,2,0,16
BRDA:31,2,1,8
BRDA:36,3,0,0
BRDA:36,3,1,4
BRDA:37,4,0,2
BRDA:37,4,1,2
BRDA:42,5,0,2
BRDA:42,5,1,0
BRDA:50,6,0,2
BRDA:50,6,1,2
BRDA:54,7,0,2
BRDA:54,7,1,2
BRDA:65,8,0,6
BRDA:65,8,1,8
BRDA:66,9,0,2
BRDA:66,9,1,6
BRDA:72,10,0,6
BRDA:72,10,1,6
BRDA:79,11,0,1
BRDA:79,11,1,13
BRDA:81,12,0,0
BRDA:81,12,1,1
BRDA:83,13,0,1
BRDA:83,13,1,0
BRDA:88,14,0,0
BRDA:88,14,1,5
BRDA:92,15,0,0
BRDA:92,15,1,5
BRDA:96,16,0,0
BRDA:96,16,1,5
BRDA:97,17,0,2
BRDA:97,17,1,3
BRDA:108,18,0,2
BRDA:108,18,1,1
BRDA:111,19,0,0
BRDA:111,19,1,3
BRDA:112,20,0,0
BRDA:112,20,1,3
BRDA:113,21,0,0
BRDA:113,21,1,3
BRDA:118,22,0,2
BRDA:118,22,1,1
BRDA:128,23,0,2
BRDA:128,23,1,0
BRDA:129,24,0,0
BRDA:129,24,1,2
BRF:50
BRH:37
end_of_record
TN:
SF:src/template/sum/meta.ts
FN:14,templateMeta
FNF:1
FNH:1
FNDA:2,templateMeta
DA:19,2
LF:1
LH:1
BRF:0
BRH:0
end_of_record
TN:
SF:src/template/sum/parser.ts
FN:26,parseSumXml
FN:31,(anonymous_1)
FN:35,(anonymous_2)
FN:43,(anonymous_3)
FN:106,(anonymous_4)
FNF:5
FNH:5
FNDA:2,parseSumXml
FNDA:20,(anonymous_1)
FNDA:8,(anonymous_2)
FNDA:8,(anonymous_3)
FNDA:2,(anonymous_4)
DA:24,1
DA:27,2
DA:28,2
DA:29,2
DA:31,2
DA:32,20
DA:35,2
DA:36,8
DA:37,8
DA:38,40
DA:40,8
DA:43,2
DA:44,8
DA:45,8
DA:47,8
DA:48,9
DA:50,8
DA:53,2
DA:54,20
DA:55,20
DA:57,19
DA:58,0
DA:59,0
DA:62,19
DA:63,15
DA:64,7
DA:65,7
DA:66,7
DA:67,7
DA:68,7
DA:71,8
DA:72,8
DA:73,8
DA:74,8
DA:75,15
DA:76,15
DA:78,15
DA:79,15
DA:80,15
DA:81,15
DA:82,15
DA:84,15
DA:85,7
DA:87,8
DA:90,4
DA:91,1
DA:92,1
DA:93,1
DA:94,1
DA:95,1
DA:98,3
DA:99,11
DA:100,3
DA:101,3
DA:102,3
DA:106,2
DA:107,2
DA:108,2
LF:58
LH:56
BRDA:32,0,0,20
BRDA:32,0,1,36
BRDA:37,1,0,8
BRDA:37,1,1,48
BRDA:48,2,0,9
BRDA:48,2,1,0
BRDA:55,3,0,1
BRDA:55,3,1,19
BRDA:57,4,0,0
BRDA:57,4,1,19
BRDA:62,5,0,15
BRDA:62,5,1,4
BRDA:63,6,0,7
BRDA:63,6,1,8
BRDA:67,7,0,7
BRDA:67,7,1,0
BRDA:67,8,0,7
BRDA:67,8,1,7
BRDA:74,9,0,1
BRDA:74,9,1,7
BRDA:74,10,0,8
BRDA:74,10,1,6
BRDA:76,11,0,1
BRDA:76,11,1,7
BRDA:79,12,0,15
BRDA:79,12,1,0
BRDA:84,13,0,7
BRDA:84,13,1,8
BRDA:84,14,0,15
BRDA:84,14,1,8
BRDA:90,15,0,1
BRDA:90,15,1,3
BRDA:99,16,0,3
BRDA:99,16,1,14
BRDA:99,16,2,11
BRDA:101,17,0,3
BRDA:101,17,1,0
BRDA:107,18,0,0
BRDA:107,18,1,2
BRF:39
BRH:33
end_of_record
TN:
SF:src/util/shell-storage.ts
FN:7,readBool
FN:15,writeBool
FN:23,readActivityWidth
FN:33,writeActivityWidth
FN:41,readJSON
FN:52,writeJSON
FNF:6
FNH:6
FNDA:3,readBool
FNDA:2,writeBool
FNDA:3,readActivityWidth
FNDA:2,writeActivityWidth
FNDA:3,readJSON
FNDA:2,writeJSON
DA:3,3
DA:4,3
DA:5,3
DA:8,3
DA:9,3
DA:11,0
DA:16,2
DA:17,2
DA:24,3
DA:25,3
DA:26,3
DA:30,2
DA:34,2
DA:35,2
DA:42,3
DA:43,3
DA:44,3
DA:45,2
DA:46,2
DA:48,0
DA:53,2
DA:54,2
LF:22
LH:20
BRDA:17,0,0,1
BRDA:17,0,1,1
BRDA:25,1,0,3
BRDA:25,1,1,1
BRDA:26,2,0,1
BRDA:26,2,1,2
BRDA:26,3,0,3
BRDA:26,3,1,2
BRDA:44,4,0,1
BRDA:44,4,1,2
BRDA:46,5,0,1
BRDA:46,5,1,1
BRF:12
BRH:12
end_of_record
TN:
SF:src/views/activity/ActivityView.ts
FN:11,columns
FN:15,template
FN:22,(anonymous_2)
FNF:3
FNH:3
FNDA:2,columns
FNDA:2,template
FNDA:1,(anonymous_2)
DA:9,2
DA:12,2
DA:16,2
DA:18,2
DA:22,1
LF:5
LH:5
BRDA:21,0,0,2
BRDA:21,0,1,0
BRF:2
BRH:1
end_of_record
TN:
SF:src/views/calendar/CalendarView.ts
FN:17,onCollectionSetup
FN:24,onCollectionPropsChanged
FN:28,eventsByDay
FN:39,openRecord
FN:43,shiftMonth
FN:50,cells
FN:63,iso
FN:70,template
FN:78,(anonymous_8)
FN:80,(anonymous_9)
FN:83,(anonymous_10)
FN:84,(anonymous_11)
FN:90,(anonymous_12)
FN:91,(anonymous_13)
FNF:14
FNH:10
FNDA:3,onCollectionSetup
FNDA:0,onCollectionPropsChanged
FNDA:4,eventsByDay
FNDA:0,openRecord
FNDA:1,shiftMonth
FNDA:4,cells
FNDA:168,iso
FNDA:4,template
FNDA:0,(anonymous_8)
FNDA:1,(anonymous_9)
FNDA:28,(anonymous_10)
FNDA:168,(anonymous_11)
FNDA:1,(anonymous_12)
FNDA:0,(anonymous_13)
DA:8,1
DA:12,3
DA:13,3
DA:14,3
DA:15,3
DA:18,3
DA:19,3
DA:20,3
DA:21,3
DA:25,0
DA:29,4
DA:30,4
DA:31,1
DA:32,1
DA:33,1
DA:34,1
DA:36,4
DA:40,0
DA:44,1
DA:45,1
DA:46,1
DA:47,1
DA:51,4
DA:52,4
DA:53,4
DA:54,4
DA:55,4
DA:56,168
DA:57,168
DA:58,168
DA:60,4
DA:64,168
DA:65,168
DA:66,168
DA:67,168
DA:71,4
DA:72,4
DA:76,4
DA:78,0
DA:80,1
DA:83,28
DA:85,168
DA:86,168
DA:87,168
DA:91,1
LF:45
LH:42
BRDA:30,0,0,4
BRDA:30,0,1,0
BRDA:31,1,0,1
BRDA:31,1,1,0
BRDA:32,2,0,0
BRDA:32,2,1,1
BRDA:33,3,0,1
BRDA:33,3,1,0
BRDA:79,4,0,4
BRDA:79,4,1,3
BRDA:86,5,0,168
BRDA:86,5,1,167
BRDA:87,6,0,121
BRDA:87,6,1,47
BRF:14
BRH:10
end_of_record
TN:
SF:src/views/chatter/ChatterPanel.ts
FN:42,setup
FN:46,load
FN:69,post
FN:93,template
FN:104,(anonymous_4)
FN:105,(anonymous_5)
FN:111,(anonymous_6)
FN:122,(anonymous_7)
FN:131,(anonymous_8)
FN:139,(anonymous_9)
FNF:10
FNH:9
FNDA:8,setup
FNDA:9,load
FNDA:1,post
FNDA:9,template
FNDA:0,(anonymous_4)
FNDA:1,(anonymous_5)
FNDA:1,(anonymous_6)
FNDA:1,(anonymous_7)
FNDA:1,(anonymous_8)
FNDA:3,(anonymous_9)
DA:34,8
DA:35,8
DA:36,8
DA:37,8
DA:38,8
DA:39,8
DA:40,8
DA:43,8
DA:47,9
DA:48,9
DA:49,2
DA:50,2
DA:51,2
DA:53,7
DA:54,7
DA:55,7
DA:56,7
DA:57,9
DA:60,7
DA:61,9
DA:62,9
DA:64,7
DA:65,7
DA:70,1
DA:71,1
DA:72,1
DA:73,1
DA:74,1
DA:75,1
DA:81,1
DA:82,1
DA:83,1
DA:88,1
DA:89,1
DA:94,9
DA:95,1
DA:97,8
DA:98,8
DA:99,2
DA:101,6
DA:104,0
DA:105,1
DA:112,1
DA:123,1
DA:124,1
DA:131,1
DA:140,3
LF:47
LH:46
BRDA:48,0,0,2
BRDA:48,0,1,7
BRDA:56,1,0,7
BRDA:56,1,1,0
BRDA:60,2,0,7
BRDA:60,2,1,1
BRDA:61,3,0,9
BRDA:61,3,1,4
BRDA:71,4,0,0
BRDA:71,4,1,1
BRDA:71,5,0,1
BRDA:71,5,1,1
BRDA:94,6,0,1
BRDA:94,6,1,8
BRDA:97,7,0,0
BRDA:97,7,1,8
BRDA:98,8,0,2
BRDA:98,8,1,6
BRDA:104,9,0,5
BRDA:104,9,1,1
BRDA:105,10,0,1
BRDA:105,10,1,5
BRDA:107,11,0,1
BRDA:107,11,1,5
BRDA:109,12,0,0
BRDA:109,12,1,1
BRDA:130,13,0,0
BRDA:130,13,1,5
BRDA:137,14,0,2
BRDA:137,14,1,3
BRF:30
BRH:25
end_of_record
TN:
SF:src/views/cohort/CohortView.ts
FN:9,bucketKey
FN:25,dateField
FN:29,measureField
FN:38,interval
FN:43,table
FN:56,(anonymous_5)
FN:57,(anonymous_6)
FN:67,template
FN:75,(anonymous_8)
FN:79,(anonymous_9)
FN:82,(anonymous_10)
FNF:11
FNH:11
FNDA:3,bucketKey
FNDA:1,dateField
FNDA:1,measureField
FNDA:1,interval
FNDA:1,table
FNDA:2,(anonymous_5)
FNDA:4,(anonymous_6)
FNDA:1,template
FNDA:2,(anonymous_8)
FNDA:2,(anonymous_9)
FNDA:4,(anonymous_10)
DA:10,3
DA:11,3
DA:13,0
DA:14,0
DA:15,3
DA:16,3
DA:17,3
DA:18,3
DA:23,1
DA:26,1
DA:30,1
DA:31,1
DA:39,1
DA:40,1
DA:44,1
DA:45,1
DA:46,1
DA:47,1
DA:48,1
DA:49,3
DA:50,3
DA:51,3
DA:52,3
DA:53,3
DA:55,1
DA:56,1
DA:57,2
DA:58,4
DA:59,3
DA:60,3
DA:62,2
DA:64,1
DA:68,1
DA:69,1
DA:75,2
DA:80,2
DA:82,4
LF:37
LH:35
BRDA:10,0,0,3
BRDA:10,0,1,0
BRDA:14,1,0,0
BRDA:14,1,1,0
BRDA:32,2,0,1
BRDA:32,2,1,1
BRDA:32,2,2,1
BRDA:39,3,0,1
BRDA:39,3,1,0
BRDA:40,4,0,0
BRDA:40,4,1,1
BRDA:48,5,0,1
BRDA:48,5,1,0
BRDA:50,6,0,0
BRDA:50,6,1,3
BRDA:52,7,0,0
BRDA:52,7,1,3
BRDA:52,8,0,0
BRDA:52,8,1,0
BRDA:53,9,0,3
BRDA:53,9,1,2
BRDA:53,10,0,3
BRDA:53,10,1,0
BRDA:58,11,0,1
BRDA:58,11,1,3
BRDA:60,12,0,3
BRDA:60,12,1,0
BRDA:70,13,0,1
BRDA:70,13,1,1
BRDA:82,14,0,1
BRDA:82,14,1,3
BRF:31
BRH:19
end_of_record
TN:
SF:src/views/dialogs/select-create-dialog.ts
FN:19,open
FN:27,onMount
FN:31,close
FN:36,search
FN:47,createNew
FN:56,pick
FN:61,template
FN:63,(anonymous_7)
FN:64,(anonymous_8)
FN:67,(anonymous_9)
FN:74,(anonymous_10)
FN:82,(anonymous_11)
FN:84,(anonymous_12)
FN:92,(anonymous_13)
FN:93,(anonymous_14)
FNF:15
FNH:13
FNDA:12,open
FNDA:3,onMount
FNDA:1,close
FNDA:4,search
FNDA:1,createNew
FNDA:1,pick
FNDA:4,template
FNDA:1,(anonymous_7)
FNDA:2,(anonymous_8)
FNDA:0,(anonymous_9)
FNDA:1,(anonymous_10)
FNDA:1,(anonymous_11)
FNDA:1,(anonymous_12)
FNDA:1,(anonymous_13)
FNDA:0,(anonymous_14)
DA:15,3
DA:16,3
DA:17,3
DA:20,3
DA:21,3
DA:22,3
DA:23,3
DA:24,3
DA:28,3
DA:32,1
DA:33,1
DA:37,4
DA:38,4
DA:39,4
DA:40,4
DA:41,4
DA:43,4
DA:44,4
DA:48,1
DA:49,1
DA:50,1
DA:51,1
DA:52,1
DA:57,1
DA:58,1
DA:62,4
DA:63,4
DA:64,2
DA:67,0
DA:75,1
DA:76,1
DA:83,1
DA:84,1
DA:92,1
DA:93,0
LF:35
LH:33
BRDA:39,0,0,4
BRDA:39,0,1,4
BRDA:40,1,0,1
BRDA:40,1,1,3
BRDA:42,2,0,4
BRDA:42,2,1,0
BRDA:48,3,0,1
BRDA:48,3,1,0
BRDA:50,4,0,1
BRDA:50,4,1,0
BRDA:50,5,0,1
BRDA:50,5,1,1
BRDA:62,6,0,4
BRDA:62,6,1,4
BRDA:79,7,0,0
BRDA:79,7,1,4
BRDA:85,8,0,1
BRDA:85,8,1,0
BRF:18
BRH:13
end_of_record
TN:
SF:src/views/form/form-chrome.ts
FN:30,renderFormToolbarPrimary
FN:68,(anonymous_1)
FN:79,renderFormToolbar
FN:93,(anonymous_3)
FNF:4
FNH:4
FNDA:11,renderFormToolbarPrimary
FNDA:1,(anonymous_1)
FNDA:7,renderFormToolbar
FNDA:1,(anonymous_3)
DA:44,11
DA:45,11
DA:46,11
DA:48,11
DA:49,6
DA:50,5
DA:51,5
DA:52,5
DA:53,5
DA:55,1
DA:58,5
DA:59,5
DA:62,11
DA:63,1
DA:64,1
DA:65,1
DA:69,1
DA:75,11
DA:80,7
DA:81,7
DA:82,7
DA:84,7
DA:86,7
DA:93,1
LF:24
LH:24
BRDA:36,0,0,11
BRDA:46,1,0,11
BRDA:46,1,1,10
BRDA:48,2,0,6
BRDA:48,2,1,5
BRDA:48,3,0,11
BRDA:48,3,1,9
BRDA:49,4,0,5
BRDA:49,4,1,1
BRDA:59,5,0,5
BRDA:59,5,1,5
BRDA:63,6,0,0
BRDA:63,6,1,1
BRDA:64,7,0,0
BRDA:64,7,1,1
BRDA:67,8,0,1
BRDA:67,8,1,0
BRDA:81,9,0,7
BRDA:81,9,1,6
BRDA:84,10,0,5
BRDA:84,10,1,2
BRDA:91,11,0,1
BRDA:91,11,1,6
BRDA:96,12,0,7
BRDA:96,12,1,7
BRF:25
BRH:22
end_of_record
TN:
SF:src/views/form/form-group-layout.ts
FN:11,outerGroupMaxCols
FN:16,childGroupColspan
FN:21,gridSpan12
FN:27,packGroupRows
FN:47,groupClassNames
FNF:5
FNH:5
FNDA:4,outerGroupMaxCols
FNDA:9,childGroupColspan
FNDA:11,gridSpan12
FNDA:4,packGroupRows
FNDA:7,groupClassNames
DA:12,4
DA:13,2
DA:17,9
DA:22,11
DA:23,11
DA:24,11
DA:28,4
DA:29,4
DA:30,4
DA:31,4
DA:33,4
DA:34,9
DA:35,9
DA:36,2
DA:37,2
DA:38,2
DA:40,9
DA:41,9
DA:43,4
DA:44,4
DA:48,7
DA:49,7
DA:50,0
DA:51,7
DA:52,7
DA:54,0
DA:56,7
DA:57,7
DA:59,7
LF:29
LH:27
BRDA:12,0,0,2
BRDA:12,0,1,2
BRDA:12,1,0,4
BRDA:12,1,1,2
BRDA:17,2,0,3
BRDA:17,2,1,6
BRDA:17,3,0,9
BRDA:17,3,1,3
BRDA:35,4,0,2
BRDA:35,4,1,7
BRDA:35,5,0,9
BRDA:35,5,1,2
BRDA:43,6,0,4
BRDA:43,6,1,0
BRDA:49,7,0,0
BRDA:49,7,1,7
BRDA:49,8,0,7
BRDA:49,8,1,7
BRDA:51,9,0,7
BRDA:51,9,1,0
BRDA:51,10,0,7
BRDA:51,10,1,0
BRDA:56,11,0,7
BRDA:56,11,1,0
BRDA:56,12,0,7
BRDA:56,12,1,0
BRF:26
BRH:20
end_of_record
TN:
SF:src/views/gantt/GanttView.ts
FN:16,setScale
FN:21,dateStartField
FN:28,dateStopField
FN:36,openRecord
FN:40,range
FN:60,template
FN:71,(anonymous_6)
FN:75,(anonymous_7)
FN:81,(anonymous_8)
FN:81,(anonymous_9)
FN:91,(anonymous_10)
FNF:11
FNH:11
FNDA:1,setScale
FNDA:8,dateStartField
FNDA:8,dateStopField
FNDA:1,openRecord
FNDA:4,range
FNDA:4,template
FNDA:12,(anonymous_6)
FNDA:1,(anonymous_7)
FNDA:4,(anonymous_8)
FNDA:4,(anonymous_9)
FNDA:1,(anonymous_10)
DA:13,3
DA:14,3
DA:17,1
DA:18,1
DA:22,8
DA:29,8
DA:37,1
DA:41,4
DA:42,4
DA:43,4
DA:44,4
DA:45,4
DA:46,4
DA:47,4
DA:48,4
DA:49,4
DA:50,4
DA:52,4
DA:53,0
DA:54,0
DA:56,4
DA:57,4
DA:61,4
DA:62,4
DA:63,4
DA:64,4
DA:65,4
DA:67,4
DA:72,12
DA:75,1
DA:81,4
DA:82,4
DA:83,4
DA:84,4
DA:85,0
DA:89,4
DA:90,4
DA:91,4
LF:38
LH:35
BRDA:23,0,0,8
BRDA:23,0,1,0
BRDA:30,1,0,8
BRDA:30,1,1,0
BRDA:30,1,2,0
BRDA:45,2,0,4
BRDA:45,2,1,0
BRDA:47,3,0,4
BRDA:47,3,1,0
BRDA:48,4,0,0
BRDA:48,4,1,4
BRDA:50,5,0,4
BRDA:50,5,1,0
BRDA:52,6,0,0
BRDA:52,6,1,4
BRDA:56,7,0,0
BRDA:56,7,1,4
BRDA:56,8,0,3
BRDA:56,8,1,1
BRDA:65,9,0,4
BRDA:65,9,1,0
BRDA:69,10,0,4
BRDA:69,10,1,3
BRDA:74,11,0,4
BRDA:74,11,1,8
BRDA:81,12,0,4
BRDA:81,12,1,0
BRDA:83,13,0,4
BRDA:83,13,1,0
BRDA:84,14,0,0
BRDA:84,14,1,4
BRDA:84,15,0,4
BRDA:84,15,1,4
BRDA:86,16,0,0
BRDA:86,16,1,0
BRDA:92,17,0,4
BRDA:92,17,1,0
BRF:37
BRH:21
end_of_record
TN:
SF:src/views/graph/GraphView.ts
FN:26,onCollectionSetup
FN:28,(anonymous_1)
FN:29,(anonymous_2)
FN:30,(anonymous_3)
FN:33,onCollectionPropsChanged
FN:37,afterPatch
FN:46,load
FN:68,labelOf
FN:75,chartType
FN:81,buildChartDataKey
FN:82,(anonymous_10)
FN:83,(anonymous_11)
FN:87,destroyChart
FN:93,syncChart
FN:97,(anonymous_14)
FN:98,(anonymous_15)
FN:137,(anonymous_16)
FN:161,setChartType
FN:168,template
FN:176,(anonymous_19)
FN:183,(anonymous_20)
FN:190,(anonymous_21)
FNF:22
FNH:19
FNDA:4,onCollectionSetup
FNDA:4,(anonymous_1)
FNDA:4,(anonymous_2)
FNDA:4,(anonymous_3)
FNDA:2,onCollectionPropsChanged
FNDA:2,afterPatch
FNDA:6,load
FNDA:2,labelOf
FNDA:15,chartType
FNDA:2,buildChartDataKey
FNDA:1,(anonymous_10)
FNDA:1,(anonymous_11)
FNDA:11,destroyChart
FNDA:6,syncChart
FNDA:1,(anonymous_14)
FNDA:1,(anonymous_15)
FNDA:0,(anonymous_16)
FNDA:1,setChartType
FNDA:7,template
FNDA:0,(anonymous_19)
FNDA:1,(anonymous_20)
FNDA:0,(anonymous_21)
DA:11,1
DA:15,4
DA:16,4
DA:17,4
DA:18,4
DA:19,4
DA:20,4
DA:21,4
DA:23,4
DA:24,4
DA:27,4
DA:28,4
DA:29,4
DA:30,4
DA:34,2
DA:38,2
DA:39,2
DA:40,0
DA:42,2
DA:43,2
DA:47,6
DA:48,6
DA:49,6
DA:50,6
DA:51,6
DA:52,6
DA:53,6
DA:60,6
DA:61,1
DA:63,5
DA:64,5
DA:65,5
DA:69,2
DA:70,2
DA:71,2
DA:72,0
DA:76,15
DA:77,12
DA:78,9
DA:82,2
DA:83,2
DA:84,2
DA:88,11
DA:89,11
DA:90,11
DA:94,6
DA:95,6
DA:97,6
DA:98,6
DA:99,6
DA:101,6
DA:102,0
DA:103,0
DA:104,0
DA:105,0
DA:106,0
DA:107,0
DA:108,0
DA:110,0
DA:111,0
DA:113,0
DA:114,0
DA:117,6
DA:118,6
DA:119,6
DA:138,0
DA:139,0
DA:140,0
DA:141,0
DA:142,0
DA:143,0
DA:162,1
DA:163,1
DA:164,1
DA:165,1
DA:169,7
DA:170,7
DA:171,7
DA:176,0
DA:183,1
DA:190,0
LF:81
LH:60
BRDA:39,0,0,0
BRDA:39,0,1,2
BRDA:60,1,0,1
BRDA:60,1,1,5
BRDA:70,2,0,0
BRDA:70,2,1,2
BRDA:71,3,0,2
BRDA:71,3,1,0
BRDA:72,4,0,0
BRDA:72,4,1,0
BRDA:76,5,0,3
BRDA:76,5,1,12
BRDA:77,6,0,3
BRDA:77,6,1,9
BRDA:83,7,0,1
BRDA:83,7,1,0
BRDA:95,8,0,0
BRDA:95,8,1,6
BRDA:98,9,0,1
BRDA:98,9,1,0
BRDA:101,10,0,0
BRDA:101,10,1,6
BRDA:101,11,0,6
BRDA:101,11,1,2
BRDA:106,12,0,0
BRDA:106,12,1,0
BRDA:111,13,0,0
BRDA:111,13,1,0
BRDA:127,14,0,1
BRDA:127,14,1,5
BRDA:128,15,0,1
BRDA:128,15,1,5
BRDA:129,16,0,1
BRDA:129,16,1,5
BRDA:130,17,0,1
BRDA:130,17,1,5
BRDA:138,18,0,0
BRDA:138,18,1,0
BRDA:141,19,0,0
BRDA:141,19,1,0
BRDA:152,20,0,1
BRDA:152,20,1,5
BRDA:175,21,0,5
BRDA:175,21,1,2
BRDA:182,22,0,1
BRDA:182,22,1,6
BRDA:189,23,0,1
BRDA:189,23,1,6
BRDA:194,24,0,7
BRDA:194,24,1,0
BRF:50
BRH:32
end_of_record
TN:
SF:src/views/hierarchy/HierarchyView.ts
FN:11,columns
FN:15,parentField
FN:19,depth
FN:28,(anonymous_3)
FN:34,template
FN:44,(anonymous_5)
FN:45,(anonymous_6)
FNF:7
FNH:6
FNDA:1,columns
FNDA:2,parentField
FNDA:3,depth
FNDA:1,(anonymous_3)
FNDA:1,template
FNDA:0,(anonymous_5)
FNDA:2,(anonymous_6)
DA:9,1
DA:12,1
DA:16,2
DA:20,3
DA:21,3
DA:22,2
DA:23,2
DA:24,3
DA:25,1
DA:26,1
DA:28,1
DA:29,1
DA:30,3
DA:31,3
DA:35,1
DA:36,1
DA:37,1
DA:38,1
DA:40,1
DA:44,0
DA:46,2
DA:47,2
LF:22
LH:21
BRDA:16,0,0,2
BRDA:16,0,1,0
BRDA:20,1,0,3
BRDA:20,1,1,0
BRDA:21,2,0,1
BRDA:21,2,1,2
BRDA:23,3,0,2
BRDA:23,3,1,0
BRDA:24,4,0,1
BRDA:24,4,1,2
BRDA:28,5,0,1
BRDA:28,5,1,0
BRDA:29,6,0,1
BRDA:29,6,1,0
BRDA:37,7,0,1
BRDA:37,7,1,0
BRF:16
BRH:10
end_of_record
TN:
SF:src/views/kanban/kanban-color.ts
FN:36,isKanbanColorField
FN:40,colorIndexFromRow
FN:53,resolveCardColor
FN:64,kanbanStripeClass
FN:71,kanbanColorHasField
FN:72,(anonymous_5)
FNF:6
FNH:6
FNDA:10,isKanbanColorField
FNDA:8,colorIndexFromRow
FNDA:8,resolveCardColor
FNDA:6,kanbanStripeClass
FNDA:4,kanbanColorHasField
FNDA:7,(anonymous_5)
DA:3,2
DA:6,2
DA:21,2
DA:37,10
DA:41,8
DA:42,8
DA:43,7
DA:45,1
DA:46,1
DA:47,0
DA:49,1
DA:54,8
DA:55,8
DA:56,1
DA:58,7
DA:59,3
DA:61,4
DA:65,6
DA:66,4
DA:68,2
DA:72,7
LF:21
LH:20
BRDA:37,0,0,10
BRDA:37,0,1,5
BRDA:42,1,0,7
BRDA:42,1,1,1
BRDA:42,2,0,8
BRDA:42,2,1,4
BRDA:42,2,2,1
BRDA:46,3,0,0
BRDA:46,3,1,1
BRDA:46,4,0,1
BRDA:46,4,1,1
BRDA:46,4,2,1
BRDA:55,5,0,1
BRDA:55,5,1,7
BRDA:58,6,0,3
BRDA:58,6,1,4
BRDA:58,7,0,7
BRDA:58,7,1,3
BRDA:58,7,2,3
BRDA:65,8,0,4
BRDA:65,8,1,2
BRDA:65,9,0,6
BRDA:65,9,1,2
BRDA:65,9,2,2
BRDA:72,10,0,7
BRDA:72,10,1,4
BRF:26
BRH:25
end_of_record
TN:
SF:src/views/kanban/kanban-layout.ts
FN:8,kanbanColumnsPerRow
FN:17,kanbanColumnsStyle
FNF:2
FNH:2
FNDA:12,kanbanColumnsPerRow
FNDA:7,kanbanColumnsStyle
DA:2,2
DA:5,2
DA:9,12
DA:10,12
DA:11,9
DA:13,3
DA:18,7
LF:7
LH:7
BRDA:10,0,0,9
BRDA:10,0,1,3
BRDA:10,1,0,12
BRDA:10,1,1,5
BRF:4
BRH:4
end_of_record
TN:
SF:src/views/list/ListView.ts
FN:35,collectionBarExtra
FN:39,onCollectionSetup
FN:43,onCollectionPropsChanged
FN:48,syncFromPayload
FN:55,listExtras
FN:62,(anonymous_5)
FN:68,(anonymous_6)
FN:71,(anonymous_7)
FN:80,refreshBarExtras
FN:88,columns
FN:92,pageRows
FN:96,listSections
FN:100,useSections
FN:104,toggleSection
FN:110,reloadCollection
FN:114,applyPage
FN:118,applySort
FN:126,openRow
FN:130,toggleRow
FN:137,toggleAll
FN:143,toolbarBusy
FN:147,headerObjectButtons
FN:148,(anonymous_22)
FN:153,bulkDelete
FN:181,runHeaderObject
FN:193,(anonymous_25)
FN:202,renderRow
FN:205,(anonymous_27)
FN:206,(anonymous_28)
FN:209,(anonymous_29)
FN:213,template
FN:218,(anonymous_31)
FN:218,(anonymous_32)
FN:219,(anonymous_33)
FN:223,(anonymous_34)
FN:224,(anonymous_35)
FN:225,(anonymous_36)
FN:231,(anonymous_37)
FN:231,(anonymous_38)
FN:236,(anonymous_39)
FN:238,(anonymous_40)
FN:247,(anonymous_41)
FN:247,(anonymous_42)
FN:265,(anonymous_43)
FNF:44
FNH:35
FNDA:12,collectionBarExtra
FNDA:11,onCollectionSetup
FNDA:1,onCollectionPropsChanged
FNDA:12,syncFromPayload
FNDA:17,listExtras
FNDA:1,(anonymous_5)
FNDA:0,(anonymous_6)
FNDA:0,(anonymous_7)
FNDA:5,refreshBarExtras
FNDA:26,columns
FNDA:12,pageRows
FNDA:24,listSections
FNDA:12,useSections
FNDA:1,toggleSection
FNDA:1,reloadCollection
FNDA:0,applyPage
FNDA:1,applySort
FNDA:0,openRow
FNDA:2,toggleRow
FNDA:1,toggleAll
FNDA:5,toolbarBusy
FNDA:1,headerObjectButtons
FNDA:0,(anonymous_22)
FNDA:1,bulkDelete
FNDA:0,runHeaderObject
FNDA:0,(anonymous_25)
FNDA:14,renderRow
FNDA:0,(anonymous_27)
FNDA:2,(anonymous_28)
FNDA:14,(anonymous_29)
FNDA:12,template
FNDA:13,(anonymous_31)
FNDA:13,(anonymous_32)
FNDA:11,(anonymous_33)
FNDA:1,(anonymous_34)
FNDA:12,(anonymous_35)
FNDA:1,(anonymous_36)
FNDA:13,(anonymous_37)
FNDA:13,(anonymous_38)
FNDA:2,(anonymous_39)
FNDA:1,(anonymous_40)
FNDA:1,(anonymous_41)
FNDA:1,(anonymous_42)
FNDA:0,(anonymous_43)
DA:23,11
DA:24,11
DA:31,11
DA:32,11
DA:33,11
DA:36,12
DA:40,11
DA:44,1
DA:45,1
DA:49,12
DA:50,12
DA:51,12
DA:52,12
DA:56,17
DA:62,1
DA:69,0
DA:72,0
DA:81,5
DA:89,26
DA:93,12
DA:97,24
DA:101,12
DA:105,1
DA:106,1
DA:107,1
DA:111,1
DA:115,0
DA:119,1
DA:120,1
DA:121,1
DA:122,1
DA:123,1
DA:127,0
DA:131,2
DA:132,0
DA:133,2
DA:134,2
DA:138,1
DA:139,1
DA:140,1
DA:144,5
DA:148,1
DA:149,0
DA:154,1
DA:155,1
DA:156,1
DA:160,1
DA:161,1
DA:162,1
DA:163,1
DA:164,1
DA:165,1
DA:166,1
DA:167,1
DA:168,1
DA:170,0
DA:175,1
DA:176,1
DA:177,1
DA:182,0
DA:183,0
DA:184,0
DA:185,0
DA:186,0
DA:187,0
DA:193,0
DA:195,0
DA:196,0
DA:197,0
DA:198,0
DA:203,14
DA:204,14
DA:205,14
DA:207,2
DA:209,14
DA:214,12
DA:215,12
DA:216,12
DA:217,12
DA:218,13
DA:219,12
DA:221,12
DA:223,1
DA:225,12
DA:230,12
DA:231,13
DA:235,12
DA:237,2
DA:238,1
DA:247,1
DA:252,12
DA:265,0
LF:92
LH:73
BRDA:49,0,0,12
BRDA:49,0,1,12
BRDA:50,1,0,12
BRDA:50,1,1,12
BRDA:51,2,0,12
BRDA:51,2,1,12
BRDA:57,3,0,4
BRDA:57,3,1,13
BRDA:61,4,0,1
BRDA:61,4,1,3
BRDA:67,5,0,1
BRDA:67,5,1,16
BRDA:70,6,0,0
BRDA:70,6,1,0
BRDA:93,7,0,12
BRDA:93,7,1,0
BRDA:97,8,0,24
BRDA:97,8,1,20
BRDA:105,9,0,0
BRDA:105,9,1,1
BRDA:119,10,0,1
BRDA:119,10,1,0
BRDA:121,11,0,0
BRDA:121,11,1,1
BRDA:122,12,0,0
BRDA:122,12,1,1
BRDA:131,13,0,2
BRDA:131,13,1,0
BRDA:138,14,0,1
BRDA:138,14,1,0
BRDA:144,15,0,5
BRDA:144,15,1,4
BRDA:148,16,0,1
BRDA:148,16,1,1
BRDA:155,17,0,0
BRDA:155,17,1,1
BRDA:155,18,0,1
BRDA:155,18,1,1
BRDA:160,19,0,0
BRDA:160,19,1,1
BRDA:172,20,0,0
BRDA:172,20,1,0
BRDA:183,21,0,0
BRDA:183,21,1,0
BRDA:183,22,0,0
BRDA:183,22,1,0
BRDA:192,23,0,0
BRDA:192,23,1,0
BRDA:196,24,0,0
BRDA:196,24,1,0
BRDA:203,25,0,14
BRDA:203,25,1,0
BRDA:218,26,0,13
BRDA:218,26,1,0
BRDA:219,27,0,12
BRDA:219,27,1,10
BRDA:225,28,0,12
BRDA:225,28,1,0
BRDA:231,29,0,13
BRDA:231,29,1,0
BRDA:235,30,0,2
BRDA:235,30,1,10
BRDA:240,31,0,1
BRDA:240,31,1,1
BRDA:245,32,0,1
BRDA:245,32,1,1
BRDA:247,33,0,1
BRDA:247,33,1,0
BRDA:257,34,0,2
BRDA:257,34,1,10
BRF:70
BRH:44
end_of_record
TN:
SF:src/views/list/control-panel.ts
FN:14,parseFilterCSV
FN:17,(anonymous_1)
FN:21,toggleFilterName
FN:22,(anonymous_3)
FN:33,renderControlPanel
FN:50,(anonymous_5)
FN:59,(anonymous_6)
FN:68,renderSearchFilters
FN:73,(anonymous_8)
FN:74,(anonymous_9)
FN:78,(anonymous_10)
FN:83,(anonymous_11)
FN:89,(anonymous_12)
FN:94,(anonymous_13)
FN:104,renderSortHeader
FN:115,(anonymous_15)
FN:121,renderRowCheckbox
FN:126,(anonymous_17)
FN:130,(anonymous_18)
FN:135,renderSelectAllHeader
FN:144,(anonymous_20)
FNF:21
FNH:18
FNDA:136,parseFilterCSV
FNDA:144,(anonymous_1)
FNDA:6,toggleFilterName
FNDA:6,(anonymous_3)
FNDA:14,renderControlPanel
FNDA:0,(anonymous_5)
FNDA:1,(anonymous_6)
FNDA:1,renderSearchFilters
FNDA:2,(anonymous_8)
FNDA:2,(anonymous_9)
FNDA:1,(anonymous_10)
FNDA:1,(anonymous_11)
FNDA:1,(anonymous_12)
FNDA:0,(anonymous_13)
FNDA:13,renderSortHeader
FNDA:2,(anonymous_15)
FNDA:15,renderRowCheckbox
FNDA:0,(anonymous_17)
FNDA:3,(anonymous_18)
FNDA:13,renderSelectAllHeader
FNDA:2,(anonymous_20)
DA:15,136
DA:17,144
DA:22,6
DA:23,3
DA:34,14
DA:35,14
DA:36,14
DA:37,14
DA:38,14
DA:39,14
DA:41,14
DA:43,2
DA:50,0
DA:59,1
DA:73,2
DA:74,2
DA:75,1
DA:76,1
DA:79,1
DA:80,1
DA:83,1
DA:90,1
DA:91,1
DA:94,0
DA:109,13
DA:110,13
DA:111,13
DA:112,13
DA:113,13
DA:115,2
DA:126,15
DA:130,3
DA:139,13
DA:144,2
LF:34
LH:32
BRDA:15,0,0,136
BRDA:15,0,1,121
BRDA:22,1,0,3
BRDA:22,1,1,3
BRDA:35,2,0,14
BRDA:35,2,1,0
BRDA:36,3,0,14
BRDA:36,3,1,11
BRDA:39,4,0,14
BRDA:39,4,1,12
BRDA:41,5,0,12
BRDA:41,5,1,2
BRDA:49,6,0,2
BRDA:49,6,1,0
BRDA:58,7,0,0
BRDA:58,7,1,2
BRDA:73,8,0,2
BRDA:73,8,1,1
BRDA:75,9,0,0
BRDA:75,9,1,1
BRDA:75,10,0,1
BRDA:75,10,1,0
BRDA:82,11,0,1
BRDA:82,11,1,0
BRDA:85,12,0,1
BRDA:85,12,1,0
BRDA:88,13,0,1
BRDA:88,13,1,0
BRDA:93,14,0,0
BRDA:93,14,1,1
BRDA:96,15,0,1
BRDA:96,15,1,0
BRDA:110,16,0,13
BRDA:110,16,1,13
BRDA:112,17,0,1
BRDA:112,17,1,12
BRDA:112,18,0,1
BRDA:112,18,1,0
BRDA:114,19,0,1
BRDA:114,19,1,12
BRDA:117,20,0,13
BRDA:117,20,1,11
BRDA:129,21,0,4
BRDA:129,21,1,11
BRDA:143,22,0,3
BRDA:143,22,1,10
BRF:46
BRH:35
end_of_record
TN:
SF:src/views/map/MapView.ts
FN:9,numberField
FN:21,onCollectionSetup
FN:23,(anonymous_2)
FN:26,onCollectionPropsChanged
FN:30,onCollectionTeardown
FN:35,latField
FN:43,lngField
FN:51,markers
FN:55,(anonymous_8)
FN:67,(anonymous_9)
FN:70,openRecord
FN:74,renderMap
FN:82,(anonymous_12)
FN:88,template
FNF:14
FNH:11
FNDA:4,numberField
FNDA:1,onCollectionSetup
FNDA:1,(anonymous_2)
FNDA:0,onCollectionPropsChanged
FNDA:1,onCollectionTeardown
FNDA:2,latField
FNDA:2,lngField
FNDA:2,markers
FNDA:2,(anonymous_8)
FNDA:2,(anonymous_9)
FNDA:0,openRecord
FNDA:1,renderMap
FNDA:0,(anonymous_12)
FNDA:1,template
DA:10,4
DA:11,4
DA:12,4
DA:13,4
DA:17,1
DA:19,1
DA:22,1
DA:23,1
DA:27,0
DA:31,1
DA:32,1
DA:36,2
DA:44,2
DA:52,2
DA:53,2
DA:54,2
DA:56,2
DA:57,2
DA:58,2
DA:59,2
DA:60,2
DA:67,2
DA:71,0
DA:75,1
DA:76,1
DA:77,1
DA:78,1
DA:79,1
DA:80,1
DA:81,1
DA:82,1
DA:84,0
DA:89,1
DA:90,1
LF:34
LH:31
BRDA:11,0,0,0
BRDA:11,0,1,4
BRDA:11,1,0,4
BRDA:11,1,1,4
BRDA:13,2,0,4
BRDA:13,2,1,0
BRDA:37,3,0,2
BRDA:37,3,1,0
BRDA:37,3,2,0
BRDA:45,4,0,2
BRDA:45,4,1,0
BRDA:45,4,2,0
BRDA:54,5,0,2
BRDA:54,5,1,0
BRDA:58,6,0,0
BRDA:58,6,1,2
BRDA:58,7,0,2
BRDA:58,7,1,2
BRDA:59,8,0,2
BRDA:59,8,1,0
BRDA:67,9,0,2
BRDA:67,9,1,2
BRDA:76,10,0,0
BRDA:76,10,1,1
BRDA:91,11,0,1
BRDA:91,11,1,1
BRF:26
BRH:16
end_of_record
TN:
SF:src/views/pivot/PivotView.ts
FN:10,toggleRow
FN:19,template
FN:31,(anonymous_2)
FN:35,(anonymous_3)
FN:38,(anonymous_4)
FN:44,(anonymous_5)
FN:45,(anonymous_6)
FNF:7
FNH:7
FNDA:1,toggleRow
FNDA:3,template
FNDA:2,(anonymous_2)
FNDA:2,(anonymous_3)
FNDA:1,(anonymous_4)
FNDA:1,(anonymous_5)
FNDA:1,(anonymous_6)
DA:7,2
DA:8,2
DA:11,1
DA:12,0
DA:14,1
DA:16,1
DA:20,3
DA:21,3
DA:22,3
DA:23,1
DA:25,2
DA:31,2
DA:36,2
DA:38,1
DA:44,1
DA:46,1
DA:47,1
LF:17
LH:16
BRDA:11,0,0,0
BRDA:11,0,1,1
BRDA:22,1,0,1
BRDA:22,1,1,2
BRDA:26,2,0,2
BRDA:26,2,1,2
BRDA:36,3,0,1
BRDA:36,3,1,1
BRDA:39,4,0,1
BRDA:39,4,1,1
BRDA:43,5,0,1
BRDA:43,5,1,1
BRDA:46,6,0,1
BRDA:46,6,1,0
BRF:14
BRH:12
end_of_record
TN:
SF:src/views/shared/arch-date.ts
FN:4,parseArchDate
FN:14,resolveArchDateField
FN:28,(anonymous_2)
FNF:3
FNH:3
FNDA:22,parseArchDate
FNDA:7,resolveArchDateField
FNDA:3,(anonymous_2)
DA:5,22
DA:6,22
DA:7,21
DA:8,21
DA:19,7
DA:21,7
DA:26,7
DA:28,3
DA:29,3
LF:9
LH:9
BRDA:5,0,0,22
BRDA:5,0,1,0
BRDA:6,1,0,1
BRDA:6,1,1,21
BRDA:8,2,0,1
BRDA:8,2,1,20
BRDA:21,3,0,2
BRDA:21,3,1,5
BRDA:23,4,0,0
BRDA:23,4,1,5
BRDA:26,5,0,4
BRDA:26,5,1,3
BRDA:28,6,0,3
BRDA:28,6,1,2
BRDA:29,7,0,3
BRDA:29,7,1,2
BRF:16
BRH:14
end_of_record
TN:
SF:src/views/shared/arch-fields.ts
FN:30,archFields
FN:35,visibleArchFields
FN:36,(anonymous_2)
FN:39,visibleFields
FN:43,fieldByName
FN:44,(anonymous_5)
FN:48,listColumns
FN:53,kanbanCardFields
FN:59,(anonymous_8)
FN:66,graphAxes
FN:70,(anonymous_10)
FN:71,(anonymous_11)
FN:75,pivotFields
FNF:13
FNH:13
FNDA:58,archFields
FNDA:154,visibleArchFields
FNDA:159,(anonymous_2)
FNDA:37,visibleFields
FNDA:2,fieldByName
FNDA:2,(anonymous_5)
FNDA:30,listColumns
FNDA:11,kanbanCardFields
FNDA:17,(anonymous_8)
FNDA:8,graphAxes
FNDA:7,(anonymous_10)
FNDA:14,(anonymous_11)
FNDA:6,pivotFields
DA:31,58
DA:36,159
DA:40,37
DA:44,2
DA:49,30
DA:57,11
DA:58,11
DA:59,11
DA:60,17
DA:61,16
DA:62,16
DA:67,8
DA:68,8
DA:70,7
DA:71,14
DA:76,6
DA:77,6
DA:78,6
DA:79,6
DA:80,8
DA:81,8
DA:82,6
DA:83,5
DA:85,6
LF:24
LH:24
BRDA:31,0,0,58
BRDA:31,0,1,0
BRDA:55,1,0,11
BRDA:57,2,0,11
BRDA:57,2,1,11
BRDA:57,2,2,7
BRDA:58,3,0,5
BRDA:58,3,1,6
BRDA:60,4,0,1
BRDA:60,4,1,16
BRDA:60,5,0,17
BRDA:60,5,1,7
BRDA:61,6,0,0
BRDA:61,6,1,16
BRDA:69,7,0,8
BRDA:69,7,1,1
BRDA:70,8,0,8
BRDA:70,8,1,1
BRDA:71,9,0,8
BRDA:71,9,1,1
BRDA:80,10,0,8
BRDA:80,10,1,3
BRDA:81,11,0,2
BRDA:81,11,1,6
BRDA:82,12,0,1
BRDA:82,12,1,5
BRDA:82,13,0,6
BRDA:82,13,1,5
BRDA:83,14,0,2
BRDA:83,14,1,3
BRF:30
BRH:28
end_of_record
TN:
SF:src/views/shared/collection-bar-host.ts
FN:55,setup
FN:59,onPropsChanged
FN:64,syncQuery
FN:68,searchMeta
FN:72,applyQuery
FN:82,applySearch
FN:86,togglePanel
FN:91,closePanel
FN:97,togglePreset
FN:101,toggleGroupBy
FN:105,applyCustomFilter
FN:115,filterFields
FN:119,groupByFields
FN:123,(anonymous_13)
FN:123,(anonymous_14)
FN:124,(anonymous_15)
FN:128,removeTag
FN:133,applyFavorite
FN:136,(anonymous_18)
FN:138,(anonymous_19)
FN:144,saveFavorite
FN:172,deleteFavorite
FN:182,renderBadge
FN:187,clearSearch
FN:195,renderSearchBar
FN:201,(anonymous_25)
FN:209,(anonymous_26)
FN:210,(anonymous_27)
FN:211,(anonymous_28)
FN:220,(anonymous_29)
FN:230,(anonymous_30)
FN:238,renderTag
FN:241,(anonymous_32)
FN:245,renderOpenPanel
FN:262,(anonymous_34)
FN:263,(anonymous_35)
FN:268,(anonymous_36)
FN:269,(anonymous_37)
FN:270,(anonymous_38)
FN:278,(anonymous_39)
FN:281,(anonymous_40)
FN:293,(anonymous_41)
FN:294,(anonymous_42)
FN:295,(anonymous_43)
FN:296,(anonymous_44)
FN:297,(anonymous_45)
FN:305,renderSegmentButton
FN:324,(anonymous_47)
FN:335,renderActionsTrigger
FN:351,(anonymous_49)
FN:362,template
FN:371,(anonymous_51)
FN:373,(anonymous_52)
FN:379,(anonymous_53)
FN:413,mountCollectionBar
FNF:55
FNH:40
FNDA:43,setup
FNDA:8,onPropsChanged
FNDA:51,syncQuery
FNDA:144,searchMeta
FNDA:4,applyQuery
FNDA:1,applySearch
FNDA:6,togglePanel
FNDA:1,closePanel
FNDA:0,togglePreset
FNDA:0,toggleGroupBy
FNDA:1,applyCustomFilter
FNDA:7,filterFields
FNDA:1,groupByFields
FNDA:1,(anonymous_13)
FNDA:0,(anonymous_14)
FNDA:0,(anonymous_15)
FNDA:0,removeTag
FNDA:1,applyFavorite
FNDA:1,(anonymous_18)
FNDA:1,(anonymous_19)
FNDA:1,saveFavorite
FNDA:1,deleteFavorite
FNDA:195,renderBadge
FNDA:1,clearSearch
FNDA:65,renderSearchBar
FNDA:2,(anonymous_25)
FNDA:0,(anonymous_26)
FNDA:0,(anonymous_27)
FNDA:0,(anonymous_28)
FNDA:1,(anonymous_29)
FNDA:1,(anonymous_30)
FNDA:2,renderTag
FNDA:0,(anonymous_32)
FNDA:6,renderOpenPanel
FNDA:0,(anonymous_34)
FNDA:0,(anonymous_35)
FNDA:0,(anonymous_36)
FNDA:1,(anonymous_37)
FNDA:1,(anonymous_38)
FNDA:1,(anonymous_39)
FNDA:0,(anonymous_40)
FNDA:1,(anonymous_41)
FNDA:1,(anonymous_42)
FNDA:1,(anonymous_43)
FNDA:0,(anonymous_44)
FNDA:1,(anonymous_45)
FNDA:195,renderSegmentButton
FNDA:5,(anonymous_47)
FNDA:65,renderActionsTrigger
FNDA:1,(anonymous_49)
FNDA:65,template
FNDA:1,(anonymous_51)
FNDA:16,(anonymous_52)
FNDA:0,(anonymous_53)
FNDA:34,mountCollectionBar
DA:39,8
DA:47,43
DA:48,43
DA:49,43
DA:50,43
DA:51,43
DA:52,43
DA:53,43
DA:56,43
DA:60,8
DA:61,8
DA:65,51
DA:69,144
DA:73,4
DA:83,1
DA:87,6
DA:88,6
DA:92,1
DA:93,0
DA:94,0
DA:98,0
DA:102,0
DA:106,1
DA:107,1
DA:108,1
DA:109,1
DA:110,1
DA:111,1
DA:112,1
DA:116,7
DA:120,1
DA:121,1
DA:122,1
DA:123,1
DA:124,0
DA:125,1
DA:129,0
DA:130,0
DA:134,1
DA:136,1
DA:138,1
DA:140,1
DA:141,1
DA:145,1
DA:146,1
DA:147,1
DA:148,1
DA:149,1
DA:150,1
DA:151,1
DA:161,1
DA:162,1
DA:163,1
DA:165,0
DA:167,1
DA:168,1
DA:173,1
DA:174,1
DA:175,1
DA:176,1
DA:178,0
DA:183,195
DA:184,2
DA:188,1
DA:189,1
DA:190,1
DA:191,1
DA:192,1
DA:196,65
DA:197,65
DA:201,2
DA:209,0
DA:210,0
DA:211,0
DA:220,1
DA:230,1
DA:239,2
DA:241,0
DA:246,6
DA:247,6
DA:248,6
DA:249,6
DA:251,6
DA:252,2
DA:262,0
DA:264,0
DA:265,0
DA:266,0
DA:268,0
DA:269,1
DA:270,1
DA:274,4
DA:275,1
DA:278,1
DA:281,0
DA:284,3
DA:285,2
DA:293,1
DA:294,1
DA:295,1
DA:296,0
DA:297,1
DA:301,1
DA:302,6
DA:311,195
DA:312,195
DA:315,195
DA:316,195
DA:324,5
DA:336,65
DA:337,2
DA:338,2
DA:341,65
DA:342,65
DA:343,65
DA:351,1
DA:363,65
DA:364,65
DA:365,65
DA:366,65
DA:367,65
DA:368,65
DA:370,65
DA:371,1
DA:375,16
DA:376,16
DA:380,0
DA:381,0
DA:419,34
DA:420,34
DA:421,34
LF:131
LH:109
BRDA:74,0,0,4
BRDA:74,0,1,1
BRDA:75,1,0,4
BRDA:75,1,1,3
BRDA:76,2,0,4
BRDA:76,2,1,2
BRDA:77,3,0,4
BRDA:77,3,1,3
BRDA:87,4,0,0
BRDA:87,4,1,6
BRDA:92,5,0,1
BRDA:92,5,1,0
BRDA:107,6,0,0
BRDA:107,6,1,1
BRDA:116,7,0,7
BRDA:116,7,1,0
BRDA:121,8,0,1
BRDA:121,8,1,0
BRDA:122,9,0,1
BRDA:122,9,1,0
BRDA:123,10,0,1
BRDA:123,10,1,0
BRDA:135,11,0,1
BRDA:135,11,1,1
BRDA:136,12,0,1
BRDA:136,12,1,1
BRDA:137,13,0,1
BRDA:137,13,1,0
BRDA:138,14,0,1
BRDA:138,14,1,1
BRDA:146,15,0,0
BRDA:146,15,1,1
BRDA:146,16,0,1
BRDA:146,16,1,1
BRDA:183,17,0,193
BRDA:183,17,1,2
BRDA:190,18,0,1
BRDA:190,18,1,0
BRDA:191,19,0,1
BRDA:191,19,1,0
BRDA:200,20,0,1
BRDA:200,20,1,64
BRDA:206,21,0,1
BRDA:206,21,1,64
BRDA:209,22,0,0
BRDA:209,22,1,0
BRDA:214,23,0,1
BRDA:214,23,1,64
BRDA:246,24,0,0
BRDA:246,24,1,6
BRDA:249,25,0,5
BRDA:249,25,1,1
BRDA:249,26,0,6
BRDA:249,26,1,5
BRDA:251,27,0,2
BRDA:251,27,1,4
BRDA:274,28,0,1
BRDA:274,28,1,3
BRDA:278,29,0,1
BRDA:278,29,1,0
BRDA:284,30,0,2
BRDA:284,30,1,1
BRDA:287,31,0,2
BRDA:287,31,1,0
BRDA:301,32,0,1
BRDA:301,32,1,0
BRDA:312,33,0,5
BRDA:312,33,1,190
BRDA:323,34,0,5
BRDA:323,34,1,190
BRDA:330,35,0,5
BRDA:330,35,1,190
BRDA:336,36,0,63
BRDA:336,36,1,2
BRDA:338,37,0,1
BRDA:338,37,1,1
BRDA:350,38,0,1
BRDA:350,38,1,1
BRDA:357,39,0,1
BRDA:357,39,1,1
BRDA:364,40,0,65
BRDA:364,40,1,0
BRDA:378,41,0,1
BRDA:378,41,1,15
BRDA:384,42,0,16
BRDA:384,42,1,0
BRDA:404,43,0,65
BRDA:404,43,1,48
BRF:88
BRH:69
end_of_record
TN:
SF:src/views/shared/collection-layout.ts
FN:12,renderCollectionShell
FNF:1
FNH:1
FNDA:42,renderCollectionShell
DA:18,42
DA:21,42
LF:2
LH:2
BRDA:16,0,0,42
BRDA:24,1,0,42
BRDA:24,1,1,30
BRF:3
BRH:3
end_of_record
TN:
SF:src/views/shared/collection-navigation.ts
FN:5,recordIdFromRow
FN:11,openWorkspaceRecord
FNF:2
FNH:2
FNDA:7,recordIdFromRow
FNDA:4,openWorkspaceRecord
DA:6,7
DA:7,6
DA:16,4
DA:17,4
DA:18,3
LF:5
LH:5
BRDA:6,0,0,1
BRDA:6,0,1,6
BRDA:7,1,0,6
BRDA:7,1,1,1
BRDA:17,2,0,1
BRDA:17,2,1,3
BRF:6
BRH:6
end_of_record
TN:
SF:src/views/shared/collection-query.ts
FN:21,parseGroupByCSV
FN:25,syncCollectionQuery
FN:34,navigateCollectionQuery
FN:69,togglePresetFilter
FN:71,(anonymous_4)
FN:73,(anonymous_5)
FN:74,(anonymous_6)
FN:78,toggleGroupByField
FN:88,fieldLabel
FN:96,formatDomainTripleLabel
FN:101,(anonymous_10)
FN:105,activeFilterTags
FN:109,(anonymous_12)
FN:122,(anonymous_13)
FN:129,filterCount
FN:133,groupByCount
FN:137,presetDomainFilters
FN:138,(anonymous_17)
FN:141,presetGroupByFilters
FN:142,(anonymous_19)
FN:147,parseDomainJSON
FN:153,(anonymous_21)
FN:162,stringifyDomain
FN:167,appendDomainTriple
FN:172,removeDomainTriple
FN:179,removeFilterTag
FN:182,(anonymous_26)
FN:189,(anonymous_27)
FN:204,filterOperatorsForField
FN:205,(anonymous_29)
FN:210,coerceFilterValue
FN:211,(anonymous_31)
FNF:32
FNH:29
FNDA:61,parseGroupByCSV
FNDA:59,syncCollectionQuery
FNDA:4,navigateCollectionQuery
FNDA:6,togglePresetFilter
FNDA:2,(anonymous_4)
FNDA:8,(anonymous_5)
FNDA:6,(anonymous_6)
FNDA:2,toggleGroupByField
FNDA:4,fieldLabel
FNDA:6,formatDomainTripleLabel
FNDA:6,(anonymous_10)
FNDA:68,activeFilterTags
FNDA:4,(anonymous_12)
FNDA:13,(anonymous_13)
FNDA:65,filterCount
FNDA:65,groupByCount
FNDA:67,presetDomainFilters
FNDA:18,(anonymous_17)
FNDA:0,presetGroupByFilters
FNDA:0,(anonymous_19)
FNDA:140,parseDomainJSON
FNDA:12,(anonymous_21)
FNDA:4,stringifyDomain
FNDA:2,appendDomainTriple
FNDA:2,removeDomainTriple
FNDA:2,removeFilterTag
FNDA:0,(anonymous_26)
FNDA:2,(anonymous_27)
FNDA:5,filterOperatorsForField
FNDA:5,(anonymous_29)
FNDA:4,coerceFilterValue
FNDA:4,(anonymous_31)
DA:22,61
DA:26,59
DA:40,4
DA:41,4
DA:47,4
DA:64,10
DA:70,6
DA:71,2
DA:73,8
DA:74,6
DA:75,6
DA:79,2
DA:89,4
DA:100,6
DA:101,6
DA:102,6
DA:106,68
DA:107,68
DA:108,68
DA:109,4
DA:110,4
DA:112,68
DA:113,68
DA:114,6
DA:120,68
DA:122,13
DA:124,7
DA:126,68
DA:130,65
DA:134,65
DA:138,67
DA:142,0
DA:148,140
DA:149,140
DA:150,7
DA:151,7
DA:152,7
DA:153,7
DA:154,12
DA:157,0
DA:158,0
DA:163,4
DA:164,4
DA:168,2
DA:169,2
DA:173,2
DA:174,2
DA:175,2
DA:176,2
DA:180,2
DA:181,0
DA:182,0
DA:184,2
DA:185,1
DA:186,1
DA:188,1
DA:189,2
DA:192,10
DA:205,5
DA:206,5
DA:211,4
DA:212,4
DA:213,4
DA:214,3
DA:215,2
DA:216,2
DA:218,1
LF:67
LH:62
BRDA:27,0,0,59
BRDA:27,0,1,53
BRDA:29,1,0,59
BRDA:29,1,1,55
BRDA:42,2,0,4
BRDA:42,2,1,0
BRDA:43,3,0,4
BRDA:43,3,1,0
BRDA:44,4,0,4
BRDA:44,4,1,0
BRDA:45,5,0,4
BRDA:45,5,1,0
BRDA:56,6,0,4
BRDA:56,6,1,4
BRDA:56,6,2,4
BRDA:57,7,0,4
BRDA:57,7,1,0
BRDA:57,7,2,0
BRDA:58,8,0,4
BRDA:58,8,1,0
BRDA:70,9,0,1
BRDA:70,9,1,5
BRDA:74,10,0,4
BRDA:74,10,1,1
BRDA:90,11,0,4
BRDA:90,11,1,4
BRDA:90,11,2,0
BRDA:101,12,0,6
BRDA:101,12,1,3
BRDA:107,13,0,68
BRDA:107,13,1,49
BRDA:110,14,0,4
BRDA:110,14,1,0
BRDA:122,15,0,7
BRDA:122,15,1,4
BRDA:137,16,0,67
BRDA:141,17,0,0
BRDA:149,18,0,133
BRDA:149,18,1,7
BRDA:149,19,0,140
BRDA:149,19,1,7
BRDA:152,20,0,0
BRDA:152,20,1,7
BRDA:154,21,0,12
BRDA:154,21,1,12
BRDA:154,21,2,12
BRDA:154,21,3,12
BRDA:163,22,0,0
BRDA:163,22,1,4
BRDA:174,23,0,0
BRDA:174,23,1,2
BRDA:174,24,0,2
BRDA:174,24,1,2
BRDA:180,25,0,0
BRDA:180,25,1,2
BRDA:184,26,0,1
BRDA:184,26,1,1
BRDA:206,27,0,5
BRDA:206,27,1,0
BRDA:206,28,0,5
BRDA:206,28,1,1
BRDA:213,29,0,1
BRDA:213,29,1,3
BRDA:213,30,0,1
BRDA:213,30,1,0
BRDA:214,31,0,2
BRDA:214,31,1,1
BRDA:214,32,0,3
BRDA:214,32,1,1
BRDA:216,33,0,1
BRDA:216,33,1,1
BRF:71
BRH:55
end_of_record
TN:
SF:src/views/shared/collection-view.ts
FN:14,collectionBarExtra
FN:18,setup
FN:28,onPropsChanged
FN:37,onWillUnmount
FN:46,renderShell
FNF:5
FNH:5
FNDA:25,collectionBarExtra
FNDA:34,setup
FNDA:3,onPropsChanged
FNDA:28,onWillUnmount
FNDA:41,renderShell
DA:15,25
DA:19,34
DA:25,34
DA:29,3
DA:34,3
DA:38,28
DA:39,28
DA:47,41
LF:8
LH:8
BRF:0
BRH:0
end_of_record
TN:
SF:src/views/shared/field-display.ts
FN:4,recordDisplayLabel
FN:16,formatFieldValue
FN:28,(anonymous_2)
FNF:3
FNH:3
FNDA:11,recordDisplayLabel
FNDA:33,formatFieldValue
FNDA:4,(anonymous_2)
DA:8,11
DA:9,11
DA:10,2
DA:11,1
DA:12,11
DA:17,33
DA:18,3
DA:19,3
DA:20,2
DA:21,1
DA:24,30
DA:25,3
DA:26,3
DA:27,2
DA:28,4
DA:29,2
DA:32,27
DA:33,33
DA:34,26
LF:19
LH:19
BRDA:8,0,0,11
BRDA:8,0,1,3
BRDA:9,1,0,9
BRDA:9,1,1,2
BRDA:9,2,0,11
BRDA:9,2,1,9
BRDA:10,3,0,1
BRDA:10,3,1,1
BRDA:11,4,0,1
BRDA:11,4,1,0
BRDA:12,5,0,1
BRDA:12,5,1,0
BRDA:17,6,0,3
BRDA:17,6,1,30
BRDA:19,7,0,1
BRDA:19,7,1,2
BRDA:20,8,0,1
BRDA:20,8,1,1
BRDA:24,9,0,3
BRDA:24,9,1,27
BRDA:24,10,0,30
BRDA:24,10,1,3
BRDA:26,11,0,1
BRDA:26,11,1,2
BRDA:26,12,0,3
BRDA:26,12,1,2
BRDA:29,13,0,2
BRDA:29,13,1,1
BRDA:32,14,0,27
BRDA:32,14,1,26
BRDA:33,15,0,1
BRDA:33,15,1,32
BRDA:33,16,0,33
BRDA:33,16,1,27
BRF:34
BRH:32
end_of_record
TN:
SF:src/views/shared/image-placeholder.ts
FN:14,isUploadedImageSrc
FN:25,isTruthyFlag
FN:34,normalizeGender
FN:39,resolvePlaceholderSrc
FN:55,resolveImageDisplaySrc
FN:62,isPlaceholderDisplaySrc
FNF:6
FNH:6
FNDA:13,isUploadedImageSrc
FNDA:10,isTruthyFlag
FNDA:9,normalizeGender
FNDA:11,resolvePlaceholderSrc
FNDA:7,resolveImageDisplaySrc
FNDA:1,isPlaceholderDisplaySrc
DA:1,14
DA:15,13
DA:16,13
DA:17,8
DA:26,10
DA:27,9
DA:28,0
DA:29,0
DA:31,9
DA:35,9
DA:36,4
DA:40,11
DA:41,11
DA:42,2
DA:44,9
DA:46,1
DA:48,2
DA:50,6
DA:56,7
DA:57,3
DA:59,4
DA:63,1
LF:22
LH:20
BRDA:16,0,0,5
BRDA:16,0,1,8
BRDA:18,1,0,8
BRDA:18,1,1,7
BRDA:18,1,2,7
BRDA:18,1,3,5
BRDA:26,2,0,1
BRDA:26,2,1,9
BRDA:26,3,0,10
BRDA:26,3,1,9
BRDA:27,4,0,0
BRDA:27,4,1,9
BRDA:29,5,0,0
BRDA:29,5,1,0
BRDA:29,5,2,0
BRDA:29,5,3,0
BRDA:35,6,0,5
BRDA:35,6,1,4
BRDA:35,7,0,9
BRDA:35,7,1,4
BRDA:35,7,2,4
BRDA:40,8,0,11
BRDA:40,8,1,6
BRDA:41,9,0,2
BRDA:41,9,1,9
BRDA:41,10,0,11
BRDA:41,10,1,10
BRDA:44,11,0,1
BRDA:44,11,1,2
BRDA:44,11,2,6
BRDA:55,12,0,7
BRDA:56,13,0,3
BRDA:56,13,1,4
BRDA:56,14,0,7
BRDA:56,14,1,5
BRDA:62,15,0,1
BRF:36
BRH:31
end_of_record
TN:
SF:src/views/shared/list-table.ts
FN:15,renderArchListTable
FN:16,(anonymous_1)
FN:23,(anonymous_2)
FN:27,(anonymous_3)
FN:29,(anonymous_4)
FN:30,(anonymous_5)
FNF:6
FNH:6
FNDA:6,renderArchListTable
FNDA:7,(anonymous_1)
FNDA:9,(anonymous_2)
FNDA:7,(anonymous_3)
FNDA:2,(anonymous_4)
FNDA:10,(anonymous_5)
DA:16,7
DA:18,6
DA:23,9
DA:28,7
DA:29,7
DA:31,10
LF:6
LH:6
BRDA:16,0,0,6
BRDA:16,0,1,7
BRDA:16,1,0,7
BRDA:16,1,1,0
BRDA:23,2,0,9
BRDA:23,2,1,8
BRDA:33,3,0,3
BRDA:33,3,1,7
BRDA:33,4,0,10
BRDA:33,4,1,7
BRF:10
BRH:9
end_of_record
TN:
SF:src/views/shared/object-action.ts
FN:17,runObjectAction
FNF:1
FNH:1
FNDA:3,runObjectAction
DA:21,3
DA:22,3
DA:28,2
DA:29,1
DA:31,1
DA:32,0
DA:34,1
DA:36,1
DA:37,1
DA:39,1
DA:43,1
LF:11
LH:10
BRDA:28,0,0,1
BRDA:28,0,1,1
BRDA:31,1,0,0
BRDA:31,1,1,1
BRDA:41,2,0,1
BRDA:41,2,1,0
BRF:6
BRH:4
end_of_record
TN:
SF:src/views/shared/view-toolbar.ts
FN:17,linkButton
FN:25,exportFieldNamesCsv
FN:27,(anonymous_2)
FN:32,newRecordUrl
FN:40,exportQuery
FN:57,pivotExportUrl
FN:65,graphExportUrl
FN:72,pivotExportFields
FN:77,renderReadGroupExportLink
FN:81,renderPivotExportLink
FN:87,renderGraphExportLink
FN:96,svgEl
FN:105,createToolbarIcon
FN:157,renderSearchIcon
FN:161,renderSearchField
FN:173,(anonymous_15)
FN:174,(anonymous_16)
FN:181,(anonymous_17)
FN:189,renderNewButton
FN:193,toolbarButton
FN:209,resolveHeaderButtonClass
FN:217,headerButton
FN:240,buildReportActionEntries
FN:254,(anonymous_23)
FN:278,(anonymous_24)
FN:298,(anonymous_25)
FN:306,renderReportActions
FNF:27
FNH:26
FNDA:92,linkButton
FNDA:74,exportFieldNamesCsv
FNDA:78,(anonymous_2)
FNDA:72,newRecordUrl
FNDA:21,exportQuery
FNDA:2,pivotExportUrl
FNDA:9,graphExportUrl
FNDA:4,pivotExportFields
FNDA:9,renderReadGroupExportLink
FNDA:4,renderPivotExportLink
FNDA:8,renderGraphExportLink
FNDA:824,svgEl
FNDA:275,createToolbarIcon
FNDA:2,renderSearchIcon
FNDA:2,renderSearchField
FNDA:1,(anonymous_15)
FNDA:1,(anonymous_16)
FNDA:1,(anonymous_17)
FNDA:71,renderNewButton
FNDA:27,toolbarButton
FNDA:30,resolveHeaderButtonClass
FNDA:27,headerButton
FNDA:77,buildReportActionEntries
FNDA:10,(anonymous_23)
FNDA:8,(anonymous_24)
FNDA:0,(anonymous_25)
FNDA:8,renderReportActions
DA:18,92
DA:19,92
DA:20,92
DA:21,92
DA:22,92
DA:26,74
DA:27,78
DA:33,72
DA:45,21
DA:46,21
DA:47,21
DA:48,21
DA:49,21
DA:50,21
DA:51,21
DA:52,21
DA:53,21
DA:58,2
DA:59,2
DA:60,2
DA:61,2
DA:66,9
DA:67,9
DA:68,9
DA:69,9
DA:73,4
DA:74,4
DA:78,9
DA:82,4
DA:83,4
DA:84,1
DA:88,8
DA:89,8
DA:94,16
DA:97,824
DA:98,824
DA:99,3576
DA:101,824
DA:106,275
DA:119,275
DA:121,68
DA:122,68
DA:123,68
DA:125,67
DA:126,67
DA:128,66
DA:129,66
DA:130,66
DA:131,66
DA:132,66
DA:134,66
DA:135,66
DA:137,3
DA:138,3
DA:139,3
DA:140,3
DA:142,3
DA:143,3
DA:145,2
DA:146,2
DA:147,2
DA:150,275
DA:151,275
DA:152,275
DA:153,275
DA:154,275
DA:158,2
DA:166,2
DA:173,1
DA:174,1
DA:181,1
DA:190,71
DA:199,27
DA:200,27
DA:201,27
DA:202,27
DA:203,27
DA:204,27
DA:205,27
DA:210,30
DA:211,30
DA:212,6
DA:214,24
DA:223,27
DA:226,27
DA:234,16
DA:245,77
DA:246,77
DA:248,8
DA:249,8
DA:251,8
DA:252,7
DA:254,10
DA:256,7
DA:257,7
DA:258,21
DA:259,10
DA:266,8
DA:267,2
DA:268,2
DA:272,2
DA:273,2
DA:274,2
DA:275,2
DA:276,2
DA:278,2
DA:279,8
DA:280,8
DA:281,8
DA:282,8
DA:283,8
DA:285,2
DA:286,2
DA:287,2
DA:288,2
DA:290,2
DA:291,2
DA:292,2
DA:293,2
DA:294,2
DA:295,2
DA:296,2
DA:297,2
DA:298,2
DA:299,2
DA:300,2
DA:301,2
DA:303,8
DA:311,8
DA:312,8
DA:314,2
DA:315,2
DA:316,2
DA:317,6
DA:318,1
DA:319,1
DA:321,5
DA:322,5
DA:324,2
LF:139
LH:139
BRDA:17,0,0,92
BRDA:43,1,0,21
BRDA:47,2,0,21
BRDA:47,2,1,0
BRDA:48,3,0,10
BRDA:48,3,1,11
BRDA:49,4,0,1
BRDA:49,4,1,20
BRDA:50,5,0,0
BRDA:50,5,1,21
BRDA:51,6,0,0
BRDA:51,6,1,21
BRDA:52,7,0,0
BRDA:52,7,1,21
BRDA:59,8,0,2
BRDA:59,8,1,0
BRDA:60,9,0,2
BRDA:60,9,1,0
BRDA:67,10,0,9
BRDA:67,10,1,0
BRDA:68,11,0,9
BRDA:68,11,1,0
BRDA:77,12,0,9
BRDA:83,13,0,3
BRDA:83,13,1,1
BRDA:83,14,0,4
BRDA:83,14,1,1
BRDA:88,15,0,0
BRDA:88,15,1,8
BRDA:88,16,0,8
BRDA:88,16,1,8
BRDA:105,17,0,275
BRDA:108,18,0,68
BRDA:108,18,1,207
BRDA:109,19,0,68
BRDA:109,19,1,207
BRDA:119,20,0,68
BRDA:119,20,1,67
BRDA:119,20,2,66
BRDA:119,20,3,66
BRDA:119,20,4,3
BRDA:119,20,5,3
BRDA:119,20,6,2
BRDA:157,21,0,2
BRDA:173,22,0,1
BRDA:173,22,1,1
BRDA:197,23,0,27
BRDA:211,24,0,6
BRDA:211,24,1,24
BRDA:221,25,0,27
BRDA:223,26,0,0
BRDA:223,26,1,27
BRDA:243,27,0,77
BRDA:246,28,0,69
BRDA:246,28,1,8
BRDA:246,29,0,77
BRDA:246,29,1,70
BRDA:251,30,0,7
BRDA:251,30,1,1
BRDA:252,31,0,7
BRDA:252,31,1,1
BRDA:258,32,0,10
BRDA:258,32,1,11
BRDA:258,33,0,21
BRDA:258,33,1,21
BRDA:266,34,0,2
BRDA:266,34,1,6
BRDA:266,35,0,8
BRDA:266,35,1,2
BRDA:287,36,0,2
BRDA:287,36,1,0
BRDA:309,37,0,8
BRDA:312,38,0,6
BRDA:312,38,1,2
BRDA:317,39,0,1
BRDA:317,39,1,5
BRF:76
BRH:65
end_of_record
TN:
SF:src/views/workspace/WorkspaceRouter.ts
FN:27,setup
FN:31,onMount
FN:32,(anonymous_2)
FN:36,(anonymous_3)
FN:39,(anonymous_4)
FN:48,onWillUnmount
FN:59,load
FN:78,fetchWorkspace
FN:84,createView
FN:88,(anonymous_9)
FN:95,syncView
FN:107,renderView
FN:113,reload
FN:115,(anonymous_13)
FN:122,(anonymous_14)
FN:128,template
FNF:16
FNH:12
FNDA:6,setup
FNDA:6,onMount
FNDA:0,(anonymous_2)
FNDA:0,(anonymous_3)
FNDA:0,(anonymous_4)
FNDA:5,onWillUnmount
FNDA:6,load
FNDA:7,fetchWorkspace
FNDA:5,createView
FNDA:5,(anonymous_9)
FNDA:6,syncView
FNDA:2,renderView
FNDA:1,reload
FNDA:1,(anonymous_13)
FNDA:0,(anonymous_14)
FNDA:9,template
DA:18,6
DA:19,6
DA:20,6
DA:21,6
DA:22,6
DA:23,6
DA:24,6
DA:25,6
DA:28,6
DA:32,6
DA:33,0
DA:35,6
DA:36,6
DA:37,0
DA:39,6
DA:40,0
DA:41,0
DA:42,0
DA:43,0
DA:44,0
DA:49,5
DA:50,5
DA:51,5
DA:53,5
DA:54,5
DA:55,5
DA:56,5
DA:60,6
DA:61,6
DA:62,6
DA:63,6
DA:64,6
DA:65,5
DA:66,5
DA:67,5
DA:68,5
DA:69,5
DA:71,1
DA:73,6
DA:74,6
DA:79,7
DA:80,7
DA:81,7
DA:85,5
DA:86,5
DA:87,5
DA:88,5
DA:89,5
DA:90,5
DA:92,5
DA:96,6
DA:97,6
DA:98,6
DA:99,1
DA:100,1
DA:102,5
DA:103,6
DA:104,6
DA:108,2
DA:109,2
DA:114,1
DA:116,1
DA:117,1
DA:118,1
DA:119,1
DA:120,1
DA:123,0
DA:124,0
DA:129,9
DA:130,9
DA:131,1
DA:132,1
DA:133,1
DA:135,8
DA:136,5
DA:138,3
DA:139,1
DA:141,2
DA:142,2
LF:79
LH:70
BRDA:41,0,0,0
BRDA:41,0,1,0
BRDA:41,1,0,0
BRDA:41,1,1,0
BRDA:42,2,0,0
BRDA:42,2,1,0
BRDA:43,3,0,0
BRDA:43,3,1,0
BRDA:43,4,0,0
BRDA:43,4,1,0
BRDA:43,4,2,0
BRDA:49,5,0,5
BRDA:49,5,1,0
BRDA:71,6,0,0
BRDA:71,6,1,1
BRDA:80,7,0,7
BRDA:80,7,1,0
BRDA:85,8,0,5
BRDA:85,8,1,5
BRDA:89,9,0,0
BRDA:89,9,1,5
BRDA:96,10,0,0
BRDA:96,10,1,6
BRDA:97,11,0,6
BRDA:97,11,1,0
BRDA:98,12,0,1
BRDA:98,12,1,5
BRDA:98,13,0,6
BRDA:98,13,1,1
BRDA:108,14,0,0
BRDA:108,14,1,2
BRDA:108,15,0,2
BRDA:108,15,1,2
BRDA:123,16,0,0
BRDA:123,16,1,0
BRDA:130,17,0,1
BRDA:130,17,1,8
BRDA:130,18,0,9
BRDA:130,18,1,8
BRDA:130,18,2,8
BRDA:135,19,0,5
BRDA:135,19,1,3
BRDA:138,20,0,1
BRDA:138,20,1,2
BRDA:141,21,0,0
BRDA:141,21,1,2
BRF:46
BRH:25
end_of_record
TN:
SF:src/widgets/BooleanField.ts
FN:14,template
FN:32,(anonymous_1)
FNF:2
FNH:2
FNDA:2,template
FNDA:1,(anonymous_1)
DA:15,2
DA:16,2
DA:17,2
DA:19,2
DA:20,1
DA:23,1
DA:32,1
LF:7
LH:7
BRDA:19,0,0,1
BRDA:19,0,1,1
BRDA:20,1,0,0
BRDA:20,1,1,1
BRDA:31,2,0,1
BRDA:31,2,1,0
BRF:6
BRH:4
end_of_record
TN:
SF:src/widgets/extra-fields.ts
FN:10,template
FN:24,template_2
FN:36,template_3
FN:48,template_4
FN:64,template_5
FN:79,template_6
FN:97,template_7
FNF:7
FNH:7
FNDA:1,template
FNDA:1,template_2
FNDA:1,template_3
FNDA:1,template_4
FNDA:1,template_5
FNDA:1,template_6
FNDA:1,template_7
DA:11,1
DA:12,1
DA:13,1
DA:14,1
DA:15,1
DA:19,0
DA:25,1
DA:26,1
DA:27,1
DA:28,1
DA:29,1
DA:31,0
DA:37,1
DA:38,1
DA:39,1
DA:49,1
DA:50,1
DA:51,1
DA:52,1
DA:53,1
DA:59,0
DA:65,1
DA:66,1
DA:67,1
DA:68,1
DA:74,0
DA:80,1
DA:81,1
DA:82,1
DA:83,1
DA:92,0
DA:98,1
DA:99,1
LF:33
LH:28
BRDA:12,0,0,1
BRDA:12,0,1,0
BRDA:14,1,0,1
BRDA:14,1,1,0
BRDA:15,2,0,1
BRDA:15,2,1,0
BRDA:27,3,0,1
BRDA:27,3,1,0
BRDA:38,4,0,1
BRDA:38,4,1,0
BRDA:38,4,2,0
BRDA:50,5,0,1
BRDA:50,5,1,0
BRDA:52,6,0,1
BRDA:52,6,1,0
BRDA:67,7,0,1
BRDA:67,7,1,0
BRDA:67,8,0,1
BRDA:67,8,1,1
BRDA:81,9,0,1
BRDA:81,9,1,0
BRDA:82,10,0,1
BRDA:82,10,1,0
BRF:23
BRH:12
end_of_record
TN:
SF:src/widgets/field-async.ts
FN:9,constructor
FN:11,begin
FN:16,cancel
FN:20,refresh
FN:26,commitIfCurrent
FNF:5
FNH:5
FNDA:17,constructor
FNDA:16,begin
FNDA:2,cancel
FNDA:26,refresh
FNDA:16,commitIfCurrent
DA:7,17
DA:9,17
DA:12,16
DA:13,16
DA:17,2
DA:21,26
DA:22,16
DA:27,16
DA:28,16
LF:9
LH:9
BRDA:21,0,0,16
BRDA:21,0,1,10
BRDA:27,1,0,0
BRDA:27,1,1,16
BRF:4
BRH:3
end_of_record
TN:
SF:src/widgets/field-events.ts
FN:2,inputValueFromEvent
FN:15,checkboxCheckedFromEvent
FNF:2
FNH:2
FNDA:14,inputValueFromEvent
FNDA:7,checkboxCheckedFromEvent
DA:3,14
DA:4,14
DA:9,14
DA:11,0
DA:16,7
DA:17,7
LF:6
LH:5
BRDA:4,0,0,14
BRDA:4,0,1,0
BRDA:5,1,0,14
BRDA:5,1,1,2
BRDA:5,1,2,0
BRDA:17,2,0,7
BRDA:17,2,1,0
BRF:7
BRH:4
end_of_record
TN:
SF:src/widgets/field-host.ts
FN:17,constructor
FN:21,render
FN:37,invalidate
FN:51,clear
FNF:4
FNH:4
FNDA:8,constructor
FNDA:12,render
FNDA:1,invalidate
FNDA:8,clear
DA:15,8
DA:18,8
DA:22,12
DA:23,12
DA:24,12
DA:26,12
DA:27,1
DA:30,11
DA:31,12
DA:32,12
DA:33,12
DA:38,1
DA:39,0
DA:40,0
DA:42,1
DA:43,1
DA:44,2
DA:45,1
DA:46,1
DA:52,8
DA:53,8
DA:55,8
LF:22
LH:20
BRDA:26,0,0,1
BRDA:26,0,1,11
BRDA:26,1,0,12
BRDA:26,1,1,3
BRDA:26,1,2,1
BRDA:38,2,0,0
BRDA:38,2,1,1
BRDA:44,3,0,1
BRDA:44,3,1,1
BRDA:44,4,0,2
BRDA:44,4,1,2
BRF:11
BRH:10
end_of_record
TN:
SF:src/widgets/field-props.ts
FNF:0
FNH:0
LF:0
LH:0
BRF:0
BRH:0
end_of_record
TN:
SF:src/widgets/field-shell.ts
FN:6,fieldInputId
FN:10,fieldLabelId
FN:15,fieldAutocomplete
FN:37,isFullWidthField
FN:44,fieldWidgetClass
FN:58,fieldLabel
FN:78,fieldControl
FN:90,fieldPlaceholder
FN:94,fieldReadonlyValue
FN:101,fieldReadonlyInput
FN:121,shellOptions
FN:136,renderFieldShell
FNF:12
FNH:11
FNDA:170,fieldInputId
FNDA:96,fieldLabelId
FNDA:32,fieldAutocomplete
FNDA:157,isFullWidthField
FNDA:90,fieldWidgetClass
FNDA:65,fieldLabel
FNDA:114,fieldControl
FNDA:67,fieldPlaceholder
FNDA:7,fieldReadonlyValue
FNDA:16,fieldReadonlyInput
FNDA:0,shellOptions
FNDA:90,renderFieldShell
DA:7,170
DA:11,96
DA:16,32
DA:17,32
DA:18,0
DA:21,32
DA:22,32
DA:24,32
DA:25,25
DA:26,22
DA:27,12
DA:28,11
DA:29,11
DA:30,11
DA:31,11
DA:32,11
DA:34,11
DA:38,157
DA:39,151
DA:40,128
DA:41,124
DA:45,90
DA:46,90
DA:47,28
DA:49,90
DA:50,1
DA:52,90
DA:53,64
DA:55,90
DA:65,65
DA:66,65
DA:67,65
DA:68,65
DA:69,46
DA:73,19
DA:83,114
DA:84,114
DA:85,44
DA:87,70
DA:91,67
DA:95,7
DA:96,7
DA:97,7
DA:98,7
DA:106,16
DA:107,16
DA:122,0
DA:141,90
DA:142,90
DA:143,90
DA:144,90
DA:146,90
DA:147,90
DA:148,90
DA:149,90
DA:151,90
DA:152,62
DA:158,28
LF:58
LH:56
BRDA:17,0,0,0
BRDA:17,0,1,32
BRDA:17,1,0,32
BRDA:17,1,1,0
BRDA:22,2,0,32
BRDA:22,2,1,28
BRDA:24,3,0,7
BRDA:24,3,1,25
BRDA:24,4,0,32
BRDA:24,4,1,31
BRDA:25,5,0,3
BRDA:25,5,1,22
BRDA:25,6,0,25
BRDA:25,6,1,22
BRDA:25,6,2,22
BRDA:26,7,0,10
BRDA:26,7,1,12
BRDA:26,8,0,22
BRDA:26,8,1,12
BRDA:27,9,0,1
BRDA:27,9,1,11
BRDA:27,10,0,12
BRDA:27,10,1,11
BRDA:28,11,0,0
BRDA:28,11,1,11
BRDA:29,12,0,0
BRDA:29,12,1,11
BRDA:29,13,0,11
BRDA:29,13,1,11
BRDA:30,14,0,0
BRDA:30,14,1,11
BRDA:30,15,0,11
BRDA:30,15,1,11
BRDA:31,16,0,0
BRDA:31,16,1,11
BRDA:31,17,0,11
BRDA:31,17,1,11
BRDA:32,18,0,0
BRDA:32,18,1,11
BRDA:32,19,0,11
BRDA:32,19,1,11
BRDA:38,20,0,6
BRDA:38,20,1,151
BRDA:38,21,0,157
BRDA:38,21,1,151
BRDA:39,22,0,23
BRDA:39,22,1,128
BRDA:39,23,0,151
BRDA:39,23,1,128
BRDA:40,24,0,4
BRDA:40,24,1,124
BRDA:44,25,0,90
BRDA:46,26,0,28
BRDA:46,26,1,62
BRDA:49,27,0,1
BRDA:49,27,1,89
BRDA:49,28,0,90
BRDA:49,28,1,89
BRDA:53,29,0,64
BRDA:53,29,1,0
BRDA:61,30,0,65
BRDA:62,31,0,65
BRDA:63,32,0,65
BRDA:65,33,0,65
BRDA:65,33,1,41
BRDA:66,34,0,60
BRDA:66,34,1,5
BRDA:67,35,0,65
BRDA:67,35,1,43
BRDA:67,36,0,65
BRDA:67,36,1,25
BRDA:68,37,0,46
BRDA:68,37,1,19
BRDA:69,38,0,0
BRDA:69,38,1,46
BRDA:73,39,0,0
BRDA:73,39,1,19
BRDA:80,40,0,114
BRDA:83,41,0,24
BRDA:83,41,1,90
BRDA:84,42,0,44
BRDA:84,42,1,70
BRDA:91,43,0,67
BRDA:91,43,1,62
BRDA:91,43,2,32
BRDA:94,44,0,7
BRDA:96,45,0,6
BRDA:96,45,1,1
BRDA:97,46,0,6
BRDA:97,46,1,1
BRDA:104,47,0,16
BRDA:121,48,0,0
BRDA:122,49,0,0
BRDA:122,49,1,0
BRDA:139,50,0,90
BRDA:143,51,0,90
BRDA:143,51,1,68
BRDA:144,52,0,19
BRDA:144,52,1,71
BRDA:146,53,0,90
BRDA:146,53,1,90
BRDA:146,53,2,67
BRDA:146,53,3,62
BRDA:147,54,0,90
BRDA:147,54,1,88
BRDA:148,55,0,62
BRDA:148,55,1,28
BRDA:149,56,0,46
BRDA:149,56,1,44
BRDA:151,57,0,62
BRDA:151,57,1,28
BRDA:153,58,0,60
BRDA:153,58,1,2
BRDA:159,59,0,5
BRDA:159,59,1,23
BRF:115
BRH:102
end_of_record
TN:
SF:src/widgets/field-value.ts
FN:2,booleanFromUnknown
FN:7,stringFromUnknown
FN:13,recordDisplayName
FNF:3
FNH:3
FNDA:12,booleanFromUnknown
FNDA:37,stringFromUnknown
FNDA:12,recordDisplayName
DA:3,12
DA:8,37
DA:9,28
DA:17,12
DA:18,12
DA:19,7
DA:20,7
DA:21,1
LF:8
LH:8
BRDA:3,0,0,12
BRDA:3,0,1,6
BRDA:3,0,2,5
BRDA:3,0,3,4
BRDA:8,1,0,9
BRDA:8,1,1,28
BRDA:8,2,0,37
BRDA:8,2,1,29
BRDA:18,3,0,5
BRDA:18,3,1,7
BRDA:18,4,0,12
BRDA:18,4,1,5
BRDA:20,5,0,6
BRDA:20,5,1,1
BRDA:20,6,0,7
BRDA:20,6,1,1
BRF:16
BRH:16
end_of_record
TN:
SF:src/widgets/one2many-line-utils.ts
FN:4,inverseFieldName
FN:9,columnsForField
FN:13,parseCellValue
FN:23,isNumericType
FN:33,formatNumericValue
FN:41,displayCellValue
FN:54,serverLineValues
FNF:7
FNH:7
FNDA:1,inverseFieldName
FNDA:29,columnsForField
FNDA:6,parseCellValue
FNDA:5,isNumericType
FNDA:5,formatNumericValue
FNDA:6,displayCellValue
FNDA:7,serverLineValues
DA:5,1
DA:6,1
DA:10,29
DA:14,6
DA:15,5
DA:16,4
DA:17,0
DA:19,4
DA:20,3
DA:24,5
DA:34,5
DA:35,5
DA:36,5
DA:37,5
DA:38,5
DA:42,6
DA:43,6
DA:44,6
DA:45,6
DA:46,5
DA:47,0
DA:49,5
DA:50,2
DA:55,7
DA:56,7
DA:57,13
DA:58,11
DA:59,10
DA:60,8
DA:62,7
LF:30
LH:28
BRDA:5,0,0,1
BRDA:5,0,1,0
BRDA:10,1,0,29
BRDA:10,1,1,0
BRDA:14,2,0,1
BRDA:14,2,1,5
BRDA:15,3,0,1
BRDA:15,3,1,4
BRDA:16,4,0,0
BRDA:16,4,1,4
BRDA:16,5,0,4
BRDA:16,5,1,4
BRDA:16,5,2,4
BRDA:19,6,0,1
BRDA:19,6,1,3
BRDA:19,7,0,1
BRDA:19,7,1,1
BRDA:25,8,0,5
BRDA:25,8,1,2
BRDA:25,8,2,2
BRDA:25,8,3,2
BRDA:35,9,0,0
BRDA:35,9,1,5
BRDA:35,10,0,0
BRDA:35,10,1,0
BRDA:38,11,0,1
BRDA:38,11,1,4
BRDA:43,12,0,0
BRDA:43,12,1,6
BRDA:45,13,0,1
BRDA:45,13,1,5
BRDA:45,14,0,6
BRDA:45,14,1,1
BRDA:46,15,0,0
BRDA:46,15,1,5
BRDA:47,16,0,0
BRDA:47,16,1,0
BRDA:49,17,0,3
BRDA:49,17,1,2
BRDA:57,18,0,2
BRDA:57,18,1,11
BRDA:58,19,0,1
BRDA:58,19,1,10
BRDA:58,20,0,11
BRDA:58,20,1,10
BRDA:59,21,0,2
BRDA:59,21,1,8
BRDA:59,22,0,10
BRDA:59,22,1,9
BRF:49
BRH:39
end_of_record
TN:
SF:src/widgets/one2many-m2o-resolve.ts
FN:11,resolveM2oDisplayNames
FN:22,(anonymous_1)
FN:23,(anonymous_2)
FNF:3
FNH:3
FNDA:7,resolveM2oDisplayNames
FNDA:2,(anonymous_1)
FNDA:2,(anonymous_2)
DA:17,7
DA:18,11
DA:19,2
DA:20,2
DA:21,2
DA:22,2
DA:23,2
DA:24,2
DA:25,2
DA:26,2
DA:27,2
DA:28,2
DA:30,1
DA:32,1
DA:33,1
DA:34,1
DA:36,1
DA:37,1
DA:38,1
DA:39,1
LF:20
LH:20
BRDA:18,0,0,9
BRDA:18,0,1,2
BRDA:20,1,0,0
BRDA:20,1,1,2
BRDA:23,2,0,2
BRDA:23,2,1,2
BRDA:24,3,0,0
BRDA:24,3,1,2
BRDA:28,4,0,2
BRDA:28,4,1,0
BRDA:34,5,0,1
BRDA:34,5,1,0
BRDA:39,6,0,1
BRDA:39,6,1,0
BRF:14
BRH:9
end_of_record
TN:
SF:src/widgets/registry.ts
FN:62,registerDefaultWidgets
FN:88,resolveFieldWidget
FN:107,instantiateFieldWidget
FN:121,renderField
FNF:4
FNH:4
FNDA:7,registerDefaultWidgets
FNDA:68,resolveFieldWidget
FNDA:52,instantiateFieldWidget
FNDA:40,renderField
DA:29,10
DA:63,7
DA:64,7
DA:65,210
DA:70,10
DA:74,10
DA:89,68
DA:90,68
DA:91,1
DA:93,67
DA:94,40
DA:95,13
DA:97,27
DA:113,52
DA:115,52
DA:116,52
DA:117,52
DA:118,52
DA:127,40
LF:19
LH:19
BRDA:89,0,0,68
BRDA:89,0,1,40
BRDA:90,1,0,1
BRDA:90,1,1,67
BRDA:90,2,0,68
BRDA:90,2,1,28
BRDA:93,3,0,27
BRDA:93,3,1,40
BRDA:94,4,0,13
BRDA:94,4,1,27
BRDA:94,5,0,40
BRDA:94,5,1,40
BRDA:97,6,0,27
BRDA:97,6,1,0
BRDA:115,7,0,52
BRDA:115,7,1,1
BRDA:115,7,2,0
BRF:17
BRH:15
end_of_record
